2024-10-22T19:13:30.071-03:00  INFO 3868 --- [ProjetoFinal-API-ECommerce] [restartedMain] .a.e.ProjetoFinalApiECommerceApplication : Starting ProjetoFinalApiECommerceApplication using Java 17.0.11 with PID 3868 (C:\Users\willi\Documents\workspace-spring-tool-suite-4-4.25.0.RELEASE\Projeto-API-ECommerce\target\classes started by Lagosul in C:\Users\willi\Documents\workspace-spring-tool-suite-4-4.25.0.RELEASE\Projeto-API-ECommerce)
2024-10-22T19:13:30.074-03:00 DEBUG 3868 --- [ProjetoFinal-API-ECommerce] [restartedMain] .a.e.ProjetoFinalApiECommerceApplication : Running with Spring Boot v3.3.4, Spring v6.1.13
2024-10-22T19:13:30.075-03:00  INFO 3868 --- [ProjetoFinal-API-ECommerce] [restartedMain] .a.e.ProjetoFinalApiECommerceApplication : No active profile set, falling back to 1 default profile: "default"
2024-10-22T19:13:30.138-03:00  INFO 3868 --- [ProjetoFinal-API-ECommerce] [restartedMain] .e.DevToolsPropertyDefaultsPostProcessor : Devtools property defaults active! Set 'spring.devtools.add-properties' to 'false' to disable
2024-10-22T19:13:30.138-03:00  INFO 3868 --- [ProjetoFinal-API-ECommerce] [restartedMain] .e.DevToolsPropertyDefaultsPostProcessor : For additional web related logging consider setting the 'logging.level.web' property to 'DEBUG'
2024-10-22T19:13:31.553-03:00  INFO 3868 --- [ProjetoFinal-API-ECommerce] [restartedMain] .s.d.r.c.RepositoryConfigurationDelegate : Bootstrapping Spring Data JPA repositories in DEFAULT mode.
2024-10-22T19:13:31.640-03:00  INFO 3868 --- [ProjetoFinal-API-ECommerce] [restartedMain] .s.d.r.c.RepositoryConfigurationDelegate : Finished Spring Data repository scanning in 76 ms. Found 4 JPA repository interfaces.
2024-10-22T19:13:32.358-03:00  INFO 3868 --- [ProjetoFinal-API-ECommerce] [restartedMain] o.s.b.w.embedded.tomcat.TomcatWebServer  : Tomcat initialized with port 9090 (http)
2024-10-22T19:13:32.382-03:00  INFO 3868 --- [ProjetoFinal-API-ECommerce] [restartedMain] o.apache.catalina.core.StandardService   : Starting service [Tomcat]
2024-10-22T19:13:32.382-03:00  INFO 3868 --- [ProjetoFinal-API-ECommerce] [restartedMain] o.apache.catalina.core.StandardEngine    : Starting Servlet engine: [Apache Tomcat/10.1.30]
2024-10-22T19:13:32.453-03:00  INFO 3868 --- [ProjetoFinal-API-ECommerce] [restartedMain] o.a.c.c.C.[Tomcat].[localhost].[/]       : Initializing Spring embedded WebApplicationContext
2024-10-22T19:13:32.454-03:00  INFO 3868 --- [ProjetoFinal-API-ECommerce] [restartedMain] w.s.c.ServletWebServerApplicationContext : Root WebApplicationContext: initialization completed in 2315 ms
2024-10-22T19:13:32.492-03:00  INFO 3868 --- [ProjetoFinal-API-ECommerce] [restartedMain] com.zaxxer.hikari.HikariDataSource       : HikariPool-1 - Starting...
2024-10-22T19:13:32.754-03:00  INFO 3868 --- [ProjetoFinal-API-ECommerce] [restartedMain] com.zaxxer.hikari.pool.HikariPool        : HikariPool-1 - Added connection conn0: url=jdbc:h2:mem:ecommerce_db user=SA
2024-10-22T19:13:32.755-03:00  INFO 3868 --- [ProjetoFinal-API-ECommerce] [restartedMain] com.zaxxer.hikari.HikariDataSource       : HikariPool-1 - Start completed.
2024-10-22T19:13:32.767-03:00  INFO 3868 --- [ProjetoFinal-API-ECommerce] [restartedMain] o.s.b.a.h2.H2ConsoleAutoConfiguration    : H2 console available at '/h2-console'. Database available at 'jdbc:h2:mem:ecommerce_db'
2024-10-22T19:13:32.934-03:00  INFO 3868 --- [ProjetoFinal-API-ECommerce] [restartedMain] o.hibernate.jpa.internal.util.LogHelper  : HHH000204: Processing PersistenceUnitInfo [name: default]
2024-10-22T19:13:33.017-03:00  INFO 3868 --- [ProjetoFinal-API-ECommerce] [restartedMain] org.hibernate.Version                    : HHH000412: Hibernate ORM core version 6.5.3.Final
2024-10-22T19:13:33.076-03:00  INFO 3868 --- [ProjetoFinal-API-ECommerce] [restartedMain] o.h.c.internal.RegionFactoryInitiator    : HHH000026: Second-level cache disabled
2024-10-22T19:13:33.482-03:00  INFO 3868 --- [ProjetoFinal-API-ECommerce] [restartedMain] o.s.o.j.p.SpringPersistenceUnitInfo      : No LoadTimeWeaver setup: ignoring JPA class transformer
2024-10-22T19:13:33.557-03:00  WARN 3868 --- [ProjetoFinal-API-ECommerce] [restartedMain] org.hibernate.orm.deprecation            : HHH90000025: H2Dialect does not need to be specified explicitly using 'hibernate.dialect' (remove the property setting and it will be selected by default)
2024-10-22T19:13:34.051-03:00  WARN 3868 --- [ProjetoFinal-API-ECommerce] [restartedMain] org.hibernate.mapping.RootClass          : HHH000038: Composite-id class does not override equals(): br.com.api.ecommerce.entity.ProdutoPedidoPK
2024-10-22T19:13:34.051-03:00  WARN 3868 --- [ProjetoFinal-API-ECommerce] [restartedMain] org.hibernate.mapping.RootClass          : HHH000039: Composite-id class does not override hashCode(): br.com.api.ecommerce.entity.ProdutoPedidoPK
2024-10-22T19:13:34.889-03:00  INFO 3868 --- [ProjetoFinal-API-ECommerce] [restartedMain] o.h.e.t.j.p.i.JtaPlatformInitiator       : HHH000489: No JTA platform available (set 'hibernate.transaction.jta.platform' to enable JTA platform integration)
2024-10-22T19:13:35.012-03:00  INFO 3868 --- [ProjetoFinal-API-ECommerce] [restartedMain] j.LocalContainerEntityManagerFactoryBean : Initialized JPA EntityManagerFactory for persistence unit 'default'
2024-10-22T19:13:35.579-03:00  WARN 3868 --- [ProjetoFinal-API-ECommerce] [restartedMain] JpaBaseConfiguration$JpaWebConfiguration : spring.jpa.open-in-view is enabled by default. Therefore, database queries may be performed during view rendering. Explicitly configure spring.jpa.open-in-view to disable this warning
2024-10-22T19:13:35.634-03:00  INFO 3868 --- [ProjetoFinal-API-ECommerce] [restartedMain] r$InitializeUserDetailsManagerConfigurer : Global AuthenticationManager configured with UserDetailsService bean with name inMemoryUserDetailsManager
2024-10-22T19:13:36.262-03:00  INFO 3868 --- [ProjetoFinal-API-ECommerce] [restartedMain] o.s.b.d.a.OptionalLiveReloadServer       : LiveReload server is running on port 35729
2024-10-22T19:13:36.318-03:00  INFO 3868 --- [ProjetoFinal-API-ECommerce] [restartedMain] o.s.b.w.embedded.tomcat.TomcatWebServer  : Tomcat started on port 9090 (http) with context path '/'
2024-10-22T19:13:36.333-03:00  INFO 3868 --- [ProjetoFinal-API-ECommerce] [restartedMain] .a.e.ProjetoFinalApiECommerceApplication : Started ProjetoFinalApiECommerceApplication in 7.086 seconds (process running for 8.72)
2024-10-22T19:14:23.743-03:00  INFO 3868 --- [ProjetoFinal-API-ECommerce] [File Watcher] rtingClassPathChangeChangedEventListener : Restarting due to 1 class path change (1 addition, 0 deletions, 0 modifications)
2024-10-22T19:14:23.827-03:00  INFO 3868 --- [ProjetoFinal-API-ECommerce] [Thread-5] j.LocalContainerEntityManagerFactoryBean : Closing JPA EntityManagerFactory for persistence unit 'default'
2024-10-22T19:14:23.836-03:00  WARN 3868 --- [ProjetoFinal-API-ECommerce] [Thread-5] o.s.b.f.support.DisposableBeanAdapter    : Invocation of destroy method failed on bean with name 'inMemoryDatabaseShutdownExecutor': org.h2.jdbc.JdbcSQLNonTransientConnectionException: Database is already closed (to disable automatic closing at VM shutdown, add ";DB_CLOSE_ON_EXIT=FALSE" to the db URL) [90121-224]
2024-10-22T19:14:23.837-03:00  INFO 3868 --- [ProjetoFinal-API-ECommerce] [Thread-5] com.zaxxer.hikari.HikariDataSource       : HikariPool-1 - Shutdown initiated...
2024-10-22T19:14:23.840-03:00  INFO 3868 --- [ProjetoFinal-API-ECommerce] [Thread-5] com.zaxxer.hikari.HikariDataSource       : HikariPool-1 - Shutdown completed.
2024-10-22T19:14:23.949-03:00  INFO 3868 --- [ProjetoFinal-API-ECommerce] [restartedMain] .a.e.ProjetoFinalApiECommerceApplication : Starting ProjetoFinalApiECommerceApplication using Java 17.0.11 with PID 3868 (C:\Users\willi\Documents\workspace-spring-tool-suite-4-4.25.0.RELEASE\Projeto-API-ECommerce\target\classes started by Lagosul in C:\Users\willi\Documents\workspace-spring-tool-suite-4-4.25.0.RELEASE\Projeto-API-ECommerce)
2024-10-22T19:14:23.950-03:00 DEBUG 3868 --- [ProjetoFinal-API-ECommerce] [restartedMain] .a.e.ProjetoFinalApiECommerceApplication : Running with Spring Boot v3.3.4, Spring v6.1.13
2024-10-22T19:14:23.950-03:00  INFO 3868 --- [ProjetoFinal-API-ECommerce] [restartedMain] .a.e.ProjetoFinalApiECommerceApplication : No active profile set, falling back to 1 default profile: "default"
2024-10-22T19:14:24.311-03:00  INFO 3868 --- [ProjetoFinal-API-ECommerce] [restartedMain] .s.d.r.c.RepositoryConfigurationDelegate : Bootstrapping Spring Data JPA repositories in DEFAULT mode.
2024-10-22T19:14:24.336-03:00  INFO 3868 --- [ProjetoFinal-API-ECommerce] [restartedMain] .s.d.r.c.RepositoryConfigurationDelegate : Finished Spring Data repository scanning in 25 ms. Found 4 JPA repository interfaces.
2024-10-22T19:14:24.469-03:00  INFO 3868 --- [ProjetoFinal-API-ECommerce] [restartedMain] o.s.b.w.embedded.tomcat.TomcatWebServer  : Tomcat initialized with port 9090 (http)
2024-10-22T19:14:24.469-03:00  INFO 3868 --- [ProjetoFinal-API-ECommerce] [restartedMain] o.apache.catalina.core.StandardService   : Starting service [Tomcat]
2024-10-22T19:14:24.469-03:00  INFO 3868 --- [ProjetoFinal-API-ECommerce] [restartedMain] o.apache.catalina.core.StandardEngine    : Starting Servlet engine: [Apache Tomcat/10.1.30]
2024-10-22T19:14:24.491-03:00  INFO 3868 --- [ProjetoFinal-API-ECommerce] [restartedMain] o.a.c.c.C.[Tomcat].[localhost].[/]       : Initializing Spring embedded WebApplicationContext
2024-10-22T19:14:24.491-03:00  INFO 3868 --- [ProjetoFinal-API-ECommerce] [restartedMain] w.s.c.ServletWebServerApplicationContext : Root WebApplicationContext: initialization completed in 539 ms
2024-10-22T19:14:24.511-03:00  INFO 3868 --- [ProjetoFinal-API-ECommerce] [restartedMain] com.zaxxer.hikari.HikariDataSource       : HikariPool-2 - Starting...
2024-10-22T19:14:24.515-03:00  INFO 3868 --- [ProjetoFinal-API-ECommerce] [restartedMain] com.zaxxer.hikari.pool.HikariPool        : HikariPool-2 - Added connection conn10: url=jdbc:h2:mem:ecommerce_db user=SA
2024-10-22T19:14:24.515-03:00  INFO 3868 --- [ProjetoFinal-API-ECommerce] [restartedMain] com.zaxxer.hikari.HikariDataSource       : HikariPool-2 - Start completed.
2024-10-22T19:14:24.515-03:00  INFO 3868 --- [ProjetoFinal-API-ECommerce] [restartedMain] o.s.b.a.h2.H2ConsoleAutoConfiguration    : H2 console available at '/h2-console'. Database available at 'jdbc:h2:mem:ecommerce_db'
2024-10-22T19:14:24.559-03:00  INFO 3868 --- [ProjetoFinal-API-ECommerce] [restartedMain] o.hibernate.jpa.internal.util.LogHelper  : HHH000204: Processing PersistenceUnitInfo [name: default]
2024-10-22T19:14:24.563-03:00  INFO 3868 --- [ProjetoFinal-API-ECommerce] [restartedMain] o.h.c.internal.RegionFactoryInitiator    : HHH000026: Second-level cache disabled
2024-10-22T19:14:24.580-03:00  INFO 3868 --- [ProjetoFinal-API-ECommerce] [restartedMain] o.s.o.j.p.SpringPersistenceUnitInfo      : No LoadTimeWeaver setup: ignoring JPA class transformer
2024-10-22T19:14:24.582-03:00  WARN 3868 --- [ProjetoFinal-API-ECommerce] [restartedMain] org.hibernate.orm.deprecation            : HHH90000025: H2Dialect does not need to be specified explicitly using 'hibernate.dialect' (remove the property setting and it will be selected by default)
2024-10-22T19:14:24.647-03:00  WARN 3868 --- [ProjetoFinal-API-ECommerce] [restartedMain] org.hibernate.mapping.RootClass          : HHH000038: Composite-id class does not override equals(): br.com.api.ecommerce.entity.ProdutoPedidoPK
2024-10-22T19:14:24.647-03:00  WARN 3868 --- [ProjetoFinal-API-ECommerce] [restartedMain] org.hibernate.mapping.RootClass          : HHH000039: Composite-id class does not override hashCode(): br.com.api.ecommerce.entity.ProdutoPedidoPK
2024-10-22T19:14:24.844-03:00  INFO 3868 --- [ProjetoFinal-API-ECommerce] [restartedMain] o.h.e.t.j.p.i.JtaPlatformInitiator       : HHH000489: No JTA platform available (set 'hibernate.transaction.jta.platform' to enable JTA platform integration)
2024-10-22T19:14:24.870-03:00  INFO 3868 --- [ProjetoFinal-API-ECommerce] [restartedMain] j.LocalContainerEntityManagerFactoryBean : Initialized JPA EntityManagerFactory for persistence unit 'default'
2024-10-22T19:14:24.994-03:00  WARN 3868 --- [ProjetoFinal-API-ECommerce] [restartedMain] JpaBaseConfiguration$JpaWebConfiguration : spring.jpa.open-in-view is enabled by default. Therefore, database queries may be performed during view rendering. Explicitly configure spring.jpa.open-in-view to disable this warning
2024-10-22T19:14:25.002-03:00  INFO 3868 --- [ProjetoFinal-API-ECommerce] [restartedMain] r$InitializeUserDetailsManagerConfigurer : Global AuthenticationManager configured with UserDetailsService bean with name inMemoryUserDetailsManager
2024-10-22T19:14:25.211-03:00  INFO 3868 --- [ProjetoFinal-API-ECommerce] [restartedMain] o.s.b.d.a.OptionalLiveReloadServer       : LiveReload server is running on port 35729
2024-10-22T19:14:25.228-03:00  INFO 3868 --- [ProjetoFinal-API-ECommerce] [restartedMain] o.s.b.w.embedded.tomcat.TomcatWebServer  : Tomcat started on port 9090 (http) with context path '/'
2024-10-22T19:14:25.239-03:00  INFO 3868 --- [ProjetoFinal-API-ECommerce] [restartedMain] .a.e.ProjetoFinalApiECommerceApplication : Started ProjetoFinalApiECommerceApplication in 1.338 seconds (process running for 57.626)
2024-10-22T19:14:25.244-03:00  INFO 3868 --- [ProjetoFinal-API-ECommerce] [restartedMain] .ConditionEvaluationDeltaLoggingListener : Condition evaluation unchanged
2024-10-22T19:14:34.761-03:00  INFO 3868 --- [ProjetoFinal-API-ECommerce] [File Watcher] rtingClassPathChangeChangedEventListener : Restarting due to 1 class path change (0 additions, 1 deletion, 0 modifications)
2024-10-22T19:14:34.843-03:00  INFO 3868 --- [ProjetoFinal-API-ECommerce] [Thread-7] j.LocalContainerEntityManagerFactoryBean : Closing JPA EntityManagerFactory for persistence unit 'default'
2024-10-22T19:14:34.844-03:00  WARN 3868 --- [ProjetoFinal-API-ECommerce] [Thread-7] o.s.b.f.support.DisposableBeanAdapter    : Invocation of destroy method failed on bean with name 'inMemoryDatabaseShutdownExecutor': org.h2.jdbc.JdbcSQLNonTransientConnectionException: Database is already closed (to disable automatic closing at VM shutdown, add ";DB_CLOSE_ON_EXIT=FALSE" to the db URL) [90121-224]
2024-10-22T19:14:34.845-03:00  INFO 3868 --- [ProjetoFinal-API-ECommerce] [Thread-7] com.zaxxer.hikari.HikariDataSource       : HikariPool-2 - Shutdown initiated...
2024-10-22T19:14:34.846-03:00  INFO 3868 --- [ProjetoFinal-API-ECommerce] [Thread-7] com.zaxxer.hikari.HikariDataSource       : HikariPool-2 - Shutdown completed.
2024-10-22T19:14:34.952-03:00  INFO 3868 --- [ProjetoFinal-API-ECommerce] [restartedMain] .a.e.ProjetoFinalApiECommerceApplication : Starting ProjetoFinalApiECommerceApplication using Java 17.0.11 with PID 3868 (C:\Users\willi\Documents\workspace-spring-tool-suite-4-4.25.0.RELEASE\Projeto-API-ECommerce\target\classes started by Lagosul in C:\Users\willi\Documents\workspace-spring-tool-suite-4-4.25.0.RELEASE\Projeto-API-ECommerce)
2024-10-22T19:14:34.953-03:00 DEBUG 3868 --- [ProjetoFinal-API-ECommerce] [restartedMain] .a.e.ProjetoFinalApiECommerceApplication : Running with Spring Boot v3.3.4, Spring v6.1.13
2024-10-22T19:14:34.953-03:00  INFO 3868 --- [ProjetoFinal-API-ECommerce] [restartedMain] .a.e.ProjetoFinalApiECommerceApplication : No active profile set, falling back to 1 default profile: "default"
2024-10-22T19:14:35.362-03:00  INFO 3868 --- [ProjetoFinal-API-ECommerce] [restartedMain] .s.d.r.c.RepositoryConfigurationDelegate : Bootstrapping Spring Data JPA repositories in DEFAULT mode.
2024-10-22T19:14:35.395-03:00  INFO 3868 --- [ProjetoFinal-API-ECommerce] [restartedMain] .s.d.r.c.RepositoryConfigurationDelegate : Finished Spring Data repository scanning in 32 ms. Found 4 JPA repository interfaces.
2024-10-22T19:14:35.569-03:00  INFO 3868 --- [ProjetoFinal-API-ECommerce] [restartedMain] o.s.b.w.embedded.tomcat.TomcatWebServer  : Tomcat initialized with port 9090 (http)
2024-10-22T19:14:35.571-03:00  INFO 3868 --- [ProjetoFinal-API-ECommerce] [restartedMain] o.apache.catalina.core.StandardService   : Starting service [Tomcat]
2024-10-22T19:14:35.572-03:00  INFO 3868 --- [ProjetoFinal-API-ECommerce] [restartedMain] o.apache.catalina.core.StandardEngine    : Starting Servlet engine: [Apache Tomcat/10.1.30]
2024-10-22T19:14:35.598-03:00  INFO 3868 --- [ProjetoFinal-API-ECommerce] [restartedMain] o.a.c.c.C.[Tomcat].[localhost].[/]       : Initializing Spring embedded WebApplicationContext
2024-10-22T19:14:35.598-03:00  INFO 3868 --- [ProjetoFinal-API-ECommerce] [restartedMain] w.s.c.ServletWebServerApplicationContext : Root WebApplicationContext: initialization completed in 642 ms
2024-10-22T19:14:35.616-03:00  INFO 3868 --- [ProjetoFinal-API-ECommerce] [restartedMain] com.zaxxer.hikari.HikariDataSource       : HikariPool-3 - Starting...
2024-10-22T19:14:35.621-03:00  INFO 3868 --- [ProjetoFinal-API-ECommerce] [restartedMain] com.zaxxer.hikari.pool.HikariPool        : HikariPool-3 - Added connection conn20: url=jdbc:h2:mem:ecommerce_db user=SA
2024-10-22T19:14:35.622-03:00  INFO 3868 --- [ProjetoFinal-API-ECommerce] [restartedMain] com.zaxxer.hikari.HikariDataSource       : HikariPool-3 - Start completed.
2024-10-22T19:14:35.622-03:00  INFO 3868 --- [ProjetoFinal-API-ECommerce] [restartedMain] o.s.b.a.h2.H2ConsoleAutoConfiguration    : H2 console available at '/h2-console'. Database available at 'jdbc:h2:mem:ecommerce_db'
2024-10-22T19:14:35.662-03:00  INFO 3868 --- [ProjetoFinal-API-ECommerce] [restartedMain] o.hibernate.jpa.internal.util.LogHelper  : HHH000204: Processing PersistenceUnitInfo [name: default]
2024-10-22T19:14:35.665-03:00  INFO 3868 --- [ProjetoFinal-API-ECommerce] [restartedMain] o.h.c.internal.RegionFactoryInitiator    : HHH000026: Second-level cache disabled
2024-10-22T19:14:35.677-03:00  INFO 3868 --- [ProjetoFinal-API-ECommerce] [restartedMain] o.s.o.j.p.SpringPersistenceUnitInfo      : No LoadTimeWeaver setup: ignoring JPA class transformer
2024-10-22T19:14:35.680-03:00  WARN 3868 --- [ProjetoFinal-API-ECommerce] [restartedMain] org.hibernate.orm.deprecation            : HHH90000025: H2Dialect does not need to be specified explicitly using 'hibernate.dialect' (remove the property setting and it will be selected by default)
2024-10-22T19:14:35.735-03:00  WARN 3868 --- [ProjetoFinal-API-ECommerce] [restartedMain] org.hibernate.mapping.RootClass          : HHH000038: Composite-id class does not override equals(): br.com.api.ecommerce.entity.ProdutoPedidoPK
2024-10-22T19:14:35.736-03:00  WARN 3868 --- [ProjetoFinal-API-ECommerce] [restartedMain] org.hibernate.mapping.RootClass          : HHH000039: Composite-id class does not override hashCode(): br.com.api.ecommerce.entity.ProdutoPedidoPK
2024-10-22T19:14:35.789-03:00  INFO 3868 --- [ProjetoFinal-API-ECommerce] [restartedMain] o.h.e.t.j.p.i.JtaPlatformInitiator       : HHH000489: No JTA platform available (set 'hibernate.transaction.jta.platform' to enable JTA platform integration)
2024-10-22T19:14:35.806-03:00  INFO 3868 --- [ProjetoFinal-API-ECommerce] [restartedMain] j.LocalContainerEntityManagerFactoryBean : Initialized JPA EntityManagerFactory for persistence unit 'default'
2024-10-22T19:14:35.887-03:00  WARN 3868 --- [ProjetoFinal-API-ECommerce] [restartedMain] JpaBaseConfiguration$JpaWebConfiguration : spring.jpa.open-in-view is enabled by default. Therefore, database queries may be performed during view rendering. Explicitly configure spring.jpa.open-in-view to disable this warning
2024-10-22T19:14:35.895-03:00  INFO 3868 --- [ProjetoFinal-API-ECommerce] [restartedMain] r$InitializeUserDetailsManagerConfigurer : Global AuthenticationManager configured with UserDetailsService bean with name inMemoryUserDetailsManager
2024-10-22T19:14:36.057-03:00  INFO 3868 --- [ProjetoFinal-API-ECommerce] [restartedMain] o.s.b.d.a.OptionalLiveReloadServer       : LiveReload server is running on port 35729
2024-10-22T19:14:36.069-03:00  INFO 3868 --- [ProjetoFinal-API-ECommerce] [restartedMain] o.s.b.w.embedded.tomcat.TomcatWebServer  : Tomcat started on port 9090 (http) with context path '/'
2024-10-22T19:14:36.081-03:00  INFO 3868 --- [ProjetoFinal-API-ECommerce] [restartedMain] .a.e.ProjetoFinalApiECommerceApplication : Started ProjetoFinalApiECommerceApplication in 1.171 seconds (process running for 68.468)
2024-10-22T19:14:36.083-03:00  INFO 3868 --- [ProjetoFinal-API-ECommerce] [restartedMain] .ConditionEvaluationDeltaLoggingListener : Condition evaluation unchanged
2024-10-22T19:15:27.222-03:00  INFO 3868 --- [ProjetoFinal-API-ECommerce] [File Watcher] rtingClassPathChangeChangedEventListener : Restarting due to 1 class path change (1 addition, 0 deletions, 0 modifications)
2024-10-22T19:15:27.296-03:00  INFO 3868 --- [ProjetoFinal-API-ECommerce] [Thread-12] j.LocalContainerEntityManagerFactoryBean : Closing JPA EntityManagerFactory for persistence unit 'default'
2024-10-22T19:15:27.297-03:00  WARN 3868 --- [ProjetoFinal-API-ECommerce] [Thread-12] o.s.b.f.support.DisposableBeanAdapter    : Invocation of destroy method failed on bean with name 'inMemoryDatabaseShutdownExecutor': org.h2.jdbc.JdbcSQLNonTransientConnectionException: Database is already closed (to disable automatic closing at VM shutdown, add ";DB_CLOSE_ON_EXIT=FALSE" to the db URL) [90121-224]
2024-10-22T19:15:27.298-03:00  INFO 3868 --- [ProjetoFinal-API-ECommerce] [Thread-12] com.zaxxer.hikari.HikariDataSource       : HikariPool-3 - Shutdown initiated...
2024-10-22T19:15:27.300-03:00  INFO 3868 --- [ProjetoFinal-API-ECommerce] [Thread-12] com.zaxxer.hikari.HikariDataSource       : HikariPool-3 - Shutdown completed.
2024-10-22T19:15:27.384-03:00  INFO 3868 --- [ProjetoFinal-API-ECommerce] [restartedMain] .a.e.ProjetoFinalApiECommerceApplication : Starting ProjetoFinalApiECommerceApplication using Java 17.0.11 with PID 3868 (C:\Users\willi\Documents\workspace-spring-tool-suite-4-4.25.0.RELEASE\Projeto-API-ECommerce\target\classes started by Lagosul in C:\Users\willi\Documents\workspace-spring-tool-suite-4-4.25.0.RELEASE\Projeto-API-ECommerce)
2024-10-22T19:15:27.385-03:00 DEBUG 3868 --- [ProjetoFinal-API-ECommerce] [restartedMain] .a.e.ProjetoFinalApiECommerceApplication : Running with Spring Boot v3.3.4, Spring v6.1.13
2024-10-22T19:15:27.385-03:00  INFO 3868 --- [ProjetoFinal-API-ECommerce] [restartedMain] .a.e.ProjetoFinalApiECommerceApplication : No active profile set, falling back to 1 default profile: "default"
2024-10-22T19:15:27.677-03:00  INFO 3868 --- [ProjetoFinal-API-ECommerce] [restartedMain] .s.d.r.c.RepositoryConfigurationDelegate : Bootstrapping Spring Data JPA repositories in DEFAULT mode.
2024-10-22T19:15:27.706-03:00  INFO 3868 --- [ProjetoFinal-API-ECommerce] [restartedMain] .s.d.r.c.RepositoryConfigurationDelegate : Finished Spring Data repository scanning in 29 ms. Found 4 JPA repository interfaces.
2024-10-22T19:15:27.806-03:00  INFO 3868 --- [ProjetoFinal-API-ECommerce] [restartedMain] o.s.b.w.embedded.tomcat.TomcatWebServer  : Tomcat initialized with port 9090 (http)
2024-10-22T19:15:27.817-03:00  INFO 3868 --- [ProjetoFinal-API-ECommerce] [restartedMain] o.apache.catalina.core.StandardService   : Starting service [Tomcat]
2024-10-22T19:15:27.820-03:00  INFO 3868 --- [ProjetoFinal-API-ECommerce] [restartedMain] o.apache.catalina.core.StandardEngine    : Starting Servlet engine: [Apache Tomcat/10.1.30]
2024-10-22T19:15:27.864-03:00  INFO 3868 --- [ProjetoFinal-API-ECommerce] [restartedMain] o.a.c.c.C.[Tomcat].[localhost].[/]       : Initializing Spring embedded WebApplicationContext
2024-10-22T19:15:27.864-03:00  INFO 3868 --- [ProjetoFinal-API-ECommerce] [restartedMain] w.s.c.ServletWebServerApplicationContext : Root WebApplicationContext: initialization completed in 477 ms
2024-10-22T19:15:27.874-03:00  INFO 3868 --- [ProjetoFinal-API-ECommerce] [restartedMain] com.zaxxer.hikari.HikariDataSource       : HikariPool-4 - Starting...
2024-10-22T19:15:27.875-03:00  INFO 3868 --- [ProjetoFinal-API-ECommerce] [restartedMain] com.zaxxer.hikari.pool.HikariPool        : HikariPool-4 - Added connection conn30: url=jdbc:h2:mem:ecommerce_db user=SA
2024-10-22T19:15:27.876-03:00  INFO 3868 --- [ProjetoFinal-API-ECommerce] [restartedMain] com.zaxxer.hikari.HikariDataSource       : HikariPool-4 - Start completed.
2024-10-22T19:15:27.876-03:00  INFO 3868 --- [ProjetoFinal-API-ECommerce] [restartedMain] o.s.b.a.h2.H2ConsoleAutoConfiguration    : H2 console available at '/h2-console'. Database available at 'jdbc:h2:mem:ecommerce_db'
2024-10-22T19:15:27.908-03:00  INFO 3868 --- [ProjetoFinal-API-ECommerce] [restartedMain] o.hibernate.jpa.internal.util.LogHelper  : HHH000204: Processing PersistenceUnitInfo [name: default]
2024-10-22T19:15:27.911-03:00  INFO 3868 --- [ProjetoFinal-API-ECommerce] [restartedMain] o.h.c.internal.RegionFactoryInitiator    : HHH000026: Second-level cache disabled
2024-10-22T19:15:27.921-03:00  INFO 3868 --- [ProjetoFinal-API-ECommerce] [restartedMain] o.s.o.j.p.SpringPersistenceUnitInfo      : No LoadTimeWeaver setup: ignoring JPA class transformer
2024-10-22T19:15:27.925-03:00  WARN 3868 --- [ProjetoFinal-API-ECommerce] [restartedMain] org.hibernate.orm.deprecation            : HHH90000025: H2Dialect does not need to be specified explicitly using 'hibernate.dialect' (remove the property setting and it will be selected by default)
2024-10-22T19:15:27.960-03:00  WARN 3868 --- [ProjetoFinal-API-ECommerce] [restartedMain] org.hibernate.mapping.RootClass          : HHH000038: Composite-id class does not override equals(): br.com.api.ecommerce.entity.ProdutoPedidoPK
2024-10-22T19:15:27.960-03:00  WARN 3868 --- [ProjetoFinal-API-ECommerce] [restartedMain] org.hibernate.mapping.RootClass          : HHH000039: Composite-id class does not override hashCode(): br.com.api.ecommerce.entity.ProdutoPedidoPK
2024-10-22T19:15:28.004-03:00  INFO 3868 --- [ProjetoFinal-API-ECommerce] [restartedMain] o.h.e.t.j.p.i.JtaPlatformInitiator       : HHH000489: No JTA platform available (set 'hibernate.transaction.jta.platform' to enable JTA platform integration)
2024-10-22T19:15:28.020-03:00  INFO 3868 --- [ProjetoFinal-API-ECommerce] [restartedMain] j.LocalContainerEntityManagerFactoryBean : Initialized JPA EntityManagerFactory for persistence unit 'default'
2024-10-22T19:15:28.101-03:00  WARN 3868 --- [ProjetoFinal-API-ECommerce] [restartedMain] JpaBaseConfiguration$JpaWebConfiguration : spring.jpa.open-in-view is enabled by default. Therefore, database queries may be performed during view rendering. Explicitly configure spring.jpa.open-in-view to disable this warning
2024-10-22T19:15:28.110-03:00  INFO 3868 --- [ProjetoFinal-API-ECommerce] [restartedMain] r$InitializeUserDetailsManagerConfigurer : Global AuthenticationManager configured with UserDetailsService bean with name inMemoryUserDetailsManager
2024-10-22T19:15:28.251-03:00  INFO 3868 --- [ProjetoFinal-API-ECommerce] [restartedMain] o.s.b.d.a.OptionalLiveReloadServer       : LiveReload server is running on port 35729
2024-10-22T19:15:28.277-03:00  INFO 3868 --- [ProjetoFinal-API-ECommerce] [restartedMain] o.s.b.w.embedded.tomcat.TomcatWebServer  : Tomcat started on port 9090 (http) with context path '/'
2024-10-22T19:15:28.287-03:00  INFO 3868 --- [ProjetoFinal-API-ECommerce] [restartedMain] .a.e.ProjetoFinalApiECommerceApplication : Started ProjetoFinalApiECommerceApplication in 0.938 seconds (process running for 120.674)
2024-10-22T19:15:28.290-03:00  INFO 3868 --- [ProjetoFinal-API-ECommerce] [restartedMain] .ConditionEvaluationDeltaLoggingListener : Condition evaluation unchanged
2024-10-22T19:27:28.465-03:00  INFO 3868 --- [ProjetoFinal-API-ECommerce] [File Watcher] rtingClassPathChangeChangedEventListener : Restarting due to 1 class path change (0 additions, 0 deletions, 1 modification)
2024-10-22T19:27:28.595-03:00  INFO 3868 --- [ProjetoFinal-API-ECommerce] [Thread-16] j.LocalContainerEntityManagerFactoryBean : Closing JPA EntityManagerFactory for persistence unit 'default'
2024-10-22T19:27:28.627-03:00  WARN 3868 --- [ProjetoFinal-API-ECommerce] [Thread-16] o.s.b.f.support.DisposableBeanAdapter    : Invocation of destroy method failed on bean with name 'inMemoryDatabaseShutdownExecutor': org.h2.jdbc.JdbcSQLNonTransientConnectionException: Database is already closed (to disable automatic closing at VM shutdown, add ";DB_CLOSE_ON_EXIT=FALSE" to the db URL) [90121-224]
2024-10-22T19:27:28.628-03:00  INFO 3868 --- [ProjetoFinal-API-ECommerce] [Thread-16] com.zaxxer.hikari.HikariDataSource       : HikariPool-4 - Shutdown initiated...
2024-10-22T19:27:28.634-03:00  INFO 3868 --- [ProjetoFinal-API-ECommerce] [Thread-16] com.zaxxer.hikari.HikariDataSource       : HikariPool-4 - Shutdown completed.
2024-10-22T19:27:28.902-03:00  INFO 3868 --- [ProjetoFinal-API-ECommerce] [restartedMain] .a.e.ProjetoFinalApiECommerceApplication : Starting ProjetoFinalApiECommerceApplication using Java 17.0.11 with PID 3868 (C:\Users\willi\Documents\workspace-spring-tool-suite-4-4.25.0.RELEASE\Projeto-API-ECommerce\target\classes started by Lagosul in C:\Users\willi\Documents\workspace-spring-tool-suite-4-4.25.0.RELEASE\Projeto-API-ECommerce)
2024-10-22T19:27:28.903-03:00 DEBUG 3868 --- [ProjetoFinal-API-ECommerce] [restartedMain] .a.e.ProjetoFinalApiECommerceApplication : Running with Spring Boot v3.3.4, Spring v6.1.13
2024-10-22T19:27:28.905-03:00  INFO 3868 --- [ProjetoFinal-API-ECommerce] [restartedMain] .a.e.ProjetoFinalApiECommerceApplication : The following 1 profile is active: "developer"
2024-10-22T19:27:29.177-03:00  INFO 3868 --- [ProjetoFinal-API-ECommerce] [restartedMain] .s.d.r.c.RepositoryConfigurationDelegate : Bootstrapping Spring Data JPA repositories in DEFAULT mode.
2024-10-22T19:27:29.202-03:00  INFO 3868 --- [ProjetoFinal-API-ECommerce] [restartedMain] .s.d.r.c.RepositoryConfigurationDelegate : Finished Spring Data repository scanning in 24 ms. Found 4 JPA repository interfaces.
2024-10-22T19:27:29.344-03:00  INFO 3868 --- [ProjetoFinal-API-ECommerce] [restartedMain] o.s.b.w.embedded.tomcat.TomcatWebServer  : Tomcat initialized with port 9090 (http)
2024-10-22T19:27:29.345-03:00  INFO 3868 --- [ProjetoFinal-API-ECommerce] [restartedMain] o.apache.catalina.core.StandardService   : Starting service [Tomcat]
2024-10-22T19:27:29.345-03:00  INFO 3868 --- [ProjetoFinal-API-ECommerce] [restartedMain] o.apache.catalina.core.StandardEngine    : Starting Servlet engine: [Apache Tomcat/10.1.30]
2024-10-22T19:27:29.364-03:00  INFO 3868 --- [ProjetoFinal-API-ECommerce] [restartedMain] o.a.c.c.C.[Tomcat].[localhost].[/]       : Initializing Spring embedded WebApplicationContext
2024-10-22T19:27:29.364-03:00  INFO 3868 --- [ProjetoFinal-API-ECommerce] [restartedMain] w.s.c.ServletWebServerApplicationContext : Root WebApplicationContext: initialization completed in 456 ms
2024-10-22T19:27:29.378-03:00  INFO 3868 --- [ProjetoFinal-API-ECommerce] [restartedMain] com.zaxxer.hikari.HikariDataSource       : HikariPool-5 - Starting...
2024-10-22T19:27:29.380-03:00  INFO 3868 --- [ProjetoFinal-API-ECommerce] [restartedMain] com.zaxxer.hikari.pool.HikariPool        : HikariPool-5 - Added connection conn40: url=jdbc:h2:mem:ecommerce_db user=SA
2024-10-22T19:27:29.380-03:00  INFO 3868 --- [ProjetoFinal-API-ECommerce] [restartedMain] com.zaxxer.hikari.HikariDataSource       : HikariPool-5 - Start completed.
2024-10-22T19:27:29.381-03:00  INFO 3868 --- [ProjetoFinal-API-ECommerce] [restartedMain] o.s.b.a.h2.H2ConsoleAutoConfiguration    : H2 console available at '/h2-console'. Database available at 'jdbc:h2:mem:ecommerce_db'
2024-10-22T19:27:29.414-03:00  INFO 3868 --- [ProjetoFinal-API-ECommerce] [restartedMain] o.hibernate.jpa.internal.util.LogHelper  : HHH000204: Processing PersistenceUnitInfo [name: default]
2024-10-22T19:27:29.419-03:00  INFO 3868 --- [ProjetoFinal-API-ECommerce] [restartedMain] o.h.c.internal.RegionFactoryInitiator    : HHH000026: Second-level cache disabled
2024-10-22T19:27:29.432-03:00  INFO 3868 --- [ProjetoFinal-API-ECommerce] [restartedMain] o.s.o.j.p.SpringPersistenceUnitInfo      : No LoadTimeWeaver setup: ignoring JPA class transformer
2024-10-22T19:27:29.434-03:00  WARN 3868 --- [ProjetoFinal-API-ECommerce] [restartedMain] org.hibernate.orm.deprecation            : HHH90000025: H2Dialect does not need to be specified explicitly using 'hibernate.dialect' (remove the property setting and it will be selected by default)
2024-10-22T19:27:29.472-03:00  WARN 3868 --- [ProjetoFinal-API-ECommerce] [restartedMain] org.hibernate.mapping.RootClass          : HHH000038: Composite-id class does not override equals(): br.com.api.ecommerce.entity.ProdutoPedidoPK
2024-10-22T19:27:29.473-03:00  WARN 3868 --- [ProjetoFinal-API-ECommerce] [restartedMain] org.hibernate.mapping.RootClass          : HHH000039: Composite-id class does not override hashCode(): br.com.api.ecommerce.entity.ProdutoPedidoPK
2024-10-22T19:27:29.516-03:00  INFO 3868 --- [ProjetoFinal-API-ECommerce] [restartedMain] o.h.e.t.j.p.i.JtaPlatformInitiator       : HHH000489: No JTA platform available (set 'hibernate.transaction.jta.platform' to enable JTA platform integration)
2024-10-22T19:27:29.542-03:00  INFO 3868 --- [ProjetoFinal-API-ECommerce] [restartedMain] j.LocalContainerEntityManagerFactoryBean : Initialized JPA EntityManagerFactory for persistence unit 'default'
2024-10-22T19:27:29.666-03:00  WARN 3868 --- [ProjetoFinal-API-ECommerce] [restartedMain] JpaBaseConfiguration$JpaWebConfiguration : spring.jpa.open-in-view is enabled by default. Therefore, database queries may be performed during view rendering. Explicitly configure spring.jpa.open-in-view to disable this warning
2024-10-22T19:27:29.675-03:00  INFO 3868 --- [ProjetoFinal-API-ECommerce] [restartedMain] r$InitializeUserDetailsManagerConfigurer : Global AuthenticationManager configured with UserDetailsService bean with name inMemoryUserDetailsManager
2024-10-22T19:27:30.005-03:00  INFO 3868 --- [ProjetoFinal-API-ECommerce] [restartedMain] o.s.b.d.a.OptionalLiveReloadServer       : LiveReload server is running on port 35729
2024-10-22T19:27:30.027-03:00  INFO 3868 --- [ProjetoFinal-API-ECommerce] [restartedMain] o.s.b.w.embedded.tomcat.TomcatWebServer  : Tomcat started on port 9090 (http) with context path '/'
2024-10-22T19:27:30.032-03:00  INFO 3868 --- [ProjetoFinal-API-ECommerce] [restartedMain] .a.e.ProjetoFinalApiECommerceApplication : Started ProjetoFinalApiECommerceApplication in 1.172 seconds (process running for 842.419)
2024-10-22T19:27:30.036-03:00  INFO 3868 --- [ProjetoFinal-API-ECommerce] [restartedMain] .ConditionEvaluationDeltaLoggingListener : Condition evaluation unchanged
2024-10-22T19:28:17.443-03:00  INFO 3868 --- [ProjetoFinal-API-ECommerce] [File Watcher] rtingClassPathChangeChangedEventListener : Restarting due to 2 class path changes (1 addition, 0 deletions, 1 modification)
2024-10-22T19:28:17.503-03:00  INFO 3868 --- [ProjetoFinal-API-ECommerce] [Thread-20] j.LocalContainerEntityManagerFactoryBean : Closing JPA EntityManagerFactory for persistence unit 'default'
2024-10-22T19:28:17.504-03:00  WARN 3868 --- [ProjetoFinal-API-ECommerce] [Thread-20] o.s.b.f.support.DisposableBeanAdapter    : Invocation of destroy method failed on bean with name 'inMemoryDatabaseShutdownExecutor': org.h2.jdbc.JdbcSQLNonTransientConnectionException: Database is already closed (to disable automatic closing at VM shutdown, add ";DB_CLOSE_ON_EXIT=FALSE" to the db URL) [90121-224]
2024-10-22T19:28:17.505-03:00  INFO 3868 --- [ProjetoFinal-API-ECommerce] [Thread-20] com.zaxxer.hikari.HikariDataSource       : HikariPool-5 - Shutdown initiated...
2024-10-22T19:28:17.505-03:00  INFO 3868 --- [ProjetoFinal-API-ECommerce] [Thread-20] com.zaxxer.hikari.HikariDataSource       : HikariPool-5 - Shutdown completed.
2024-10-22T19:28:17.600-03:00  INFO 3868 --- [ProjetoFinal-API-ECommerce] [restartedMain] .a.e.ProjetoFinalApiECommerceApplication : Starting ProjetoFinalApiECommerceApplication using Java 17.0.11 with PID 3868 (C:\Users\willi\Documents\workspace-spring-tool-suite-4-4.25.0.RELEASE\Projeto-API-ECommerce\target\classes started by Lagosul in C:\Users\willi\Documents\workspace-spring-tool-suite-4-4.25.0.RELEASE\Projeto-API-ECommerce)
2024-10-22T19:28:17.600-03:00 DEBUG 3868 --- [ProjetoFinal-API-ECommerce] [restartedMain] .a.e.ProjetoFinalApiECommerceApplication : Running with Spring Boot v3.3.4, Spring v6.1.13
2024-10-22T19:28:17.601-03:00  INFO 3868 --- [ProjetoFinal-API-ECommerce] [restartedMain] .a.e.ProjetoFinalApiECommerceApplication : The following 1 profile is active: "developer"
2024-10-22T19:28:17.812-03:00  INFO 3868 --- [ProjetoFinal-API-ECommerce] [restartedMain] .s.d.r.c.RepositoryConfigurationDelegate : Bootstrapping Spring Data JPA repositories in DEFAULT mode.
2024-10-22T19:28:17.831-03:00  INFO 3868 --- [ProjetoFinal-API-ECommerce] [restartedMain] .s.d.r.c.RepositoryConfigurationDelegate : Finished Spring Data repository scanning in 19 ms. Found 4 JPA repository interfaces.
2024-10-22T19:28:17.931-03:00  INFO 3868 --- [ProjetoFinal-API-ECommerce] [restartedMain] o.s.b.w.embedded.tomcat.TomcatWebServer  : Tomcat initialized with port 9090 (http)
2024-10-22T19:28:17.932-03:00  INFO 3868 --- [ProjetoFinal-API-ECommerce] [restartedMain] o.apache.catalina.core.StandardService   : Starting service [Tomcat]
2024-10-22T19:28:17.932-03:00  INFO 3868 --- [ProjetoFinal-API-ECommerce] [restartedMain] o.apache.catalina.core.StandardEngine    : Starting Servlet engine: [Apache Tomcat/10.1.30]
2024-10-22T19:28:17.948-03:00  INFO 3868 --- [ProjetoFinal-API-ECommerce] [restartedMain] o.a.c.c.C.[Tomcat].[localhost].[/]       : Initializing Spring embedded WebApplicationContext
2024-10-22T19:28:17.949-03:00  INFO 3868 --- [ProjetoFinal-API-ECommerce] [restartedMain] w.s.c.ServletWebServerApplicationContext : Root WebApplicationContext: initialization completed in 347 ms
2024-10-22T19:28:17.961-03:00  INFO 3868 --- [ProjetoFinal-API-ECommerce] [restartedMain] com.zaxxer.hikari.HikariDataSource       : HikariPool-6 - Starting...
2024-10-22T19:28:17.963-03:00  INFO 3868 --- [ProjetoFinal-API-ECommerce] [restartedMain] com.zaxxer.hikari.pool.HikariPool        : HikariPool-6 - Added connection conn50: url=jdbc:h2:mem:ecommerce_db user=SA
2024-10-22T19:28:17.963-03:00  INFO 3868 --- [ProjetoFinal-API-ECommerce] [restartedMain] com.zaxxer.hikari.HikariDataSource       : HikariPool-6 - Start completed.
2024-10-22T19:28:17.963-03:00  INFO 3868 --- [ProjetoFinal-API-ECommerce] [restartedMain] o.s.b.a.h2.H2ConsoleAutoConfiguration    : H2 console available at '/h2-console'. Database available at 'jdbc:h2:mem:ecommerce_db'
2024-10-22T19:28:17.985-03:00  INFO 3868 --- [ProjetoFinal-API-ECommerce] [restartedMain] o.hibernate.jpa.internal.util.LogHelper  : HHH000204: Processing PersistenceUnitInfo [name: default]
2024-10-22T19:28:17.990-03:00  INFO 3868 --- [ProjetoFinal-API-ECommerce] [restartedMain] o.h.c.internal.RegionFactoryInitiator    : HHH000026: Second-level cache disabled
2024-10-22T19:28:17.999-03:00  INFO 3868 --- [ProjetoFinal-API-ECommerce] [restartedMain] o.s.o.j.p.SpringPersistenceUnitInfo      : No LoadTimeWeaver setup: ignoring JPA class transformer
2024-10-22T19:28:18.000-03:00  WARN 3868 --- [ProjetoFinal-API-ECommerce] [restartedMain] org.hibernate.orm.deprecation            : HHH90000025: H2Dialect does not need to be specified explicitly using 'hibernate.dialect' (remove the property setting and it will be selected by default)
2024-10-22T19:28:18.033-03:00  WARN 3868 --- [ProjetoFinal-API-ECommerce] [restartedMain] org.hibernate.mapping.RootClass          : HHH000038: Composite-id class does not override equals(): br.com.api.ecommerce.entity.ProdutoPedidoPK
2024-10-22T19:28:18.033-03:00  WARN 3868 --- [ProjetoFinal-API-ECommerce] [restartedMain] org.hibernate.mapping.RootClass          : HHH000039: Composite-id class does not override hashCode(): br.com.api.ecommerce.entity.ProdutoPedidoPK
2024-10-22T19:28:18.073-03:00  INFO 3868 --- [ProjetoFinal-API-ECommerce] [restartedMain] o.h.e.t.j.p.i.JtaPlatformInitiator       : HHH000489: No JTA platform available (set 'hibernate.transaction.jta.platform' to enable JTA platform integration)
2024-10-22T19:28:18.093-03:00  INFO 3868 --- [ProjetoFinal-API-ECommerce] [restartedMain] j.LocalContainerEntityManagerFactoryBean : Initialized JPA EntityManagerFactory for persistence unit 'default'
2024-10-22T19:28:18.201-03:00  WARN 3868 --- [ProjetoFinal-API-ECommerce] [restartedMain] JpaBaseConfiguration$JpaWebConfiguration : spring.jpa.open-in-view is enabled by default. Therefore, database queries may be performed during view rendering. Explicitly configure spring.jpa.open-in-view to disable this warning
2024-10-22T19:28:18.210-03:00  INFO 3868 --- [ProjetoFinal-API-ECommerce] [restartedMain] r$InitializeUserDetailsManagerConfigurer : Global AuthenticationManager configured with UserDetailsService bean with name inMemoryUserDetailsManager
2024-10-22T19:28:18.359-03:00  INFO 3868 --- [ProjetoFinal-API-ECommerce] [restartedMain] o.s.b.d.a.OptionalLiveReloadServer       : LiveReload server is running on port 35729
2024-10-22T19:28:18.373-03:00  INFO 3868 --- [ProjetoFinal-API-ECommerce] [restartedMain] o.s.b.w.embedded.tomcat.TomcatWebServer  : Tomcat started on port 9090 (http) with context path '/'
2024-10-22T19:28:18.384-03:00  INFO 3868 --- [ProjetoFinal-API-ECommerce] [restartedMain] .a.e.ProjetoFinalApiECommerceApplication : Started ProjetoFinalApiECommerceApplication in 0.825 seconds (process running for 890.77)
2024-10-22T19:28:18.391-03:00  INFO 3868 --- [ProjetoFinal-API-ECommerce] [restartedMain] .ConditionEvaluationDeltaLoggingListener : Condition evaluation unchanged
2024-10-22T19:29:41.645-03:00  INFO 3868 --- [ProjetoFinal-API-ECommerce] [File Watcher] rtingClassPathChangeChangedEventListener : Restarting due to 1 class path change (0 additions, 0 deletions, 1 modification)
2024-10-22T19:29:41.716-03:00  INFO 3868 --- [ProjetoFinal-API-ECommerce] [Thread-24] j.LocalContainerEntityManagerFactoryBean : Closing JPA EntityManagerFactory for persistence unit 'default'
2024-10-22T19:29:41.717-03:00  WARN 3868 --- [ProjetoFinal-API-ECommerce] [Thread-24] o.s.b.f.support.DisposableBeanAdapter    : Invocation of destroy method failed on bean with name 'inMemoryDatabaseShutdownExecutor': org.h2.jdbc.JdbcSQLNonTransientConnectionException: Database is already closed (to disable automatic closing at VM shutdown, add ";DB_CLOSE_ON_EXIT=FALSE" to the db URL) [90121-224]
2024-10-22T19:29:41.717-03:00  INFO 3868 --- [ProjetoFinal-API-ECommerce] [Thread-24] com.zaxxer.hikari.HikariDataSource       : HikariPool-6 - Shutdown initiated...
2024-10-22T19:29:41.718-03:00  INFO 3868 --- [ProjetoFinal-API-ECommerce] [Thread-24] com.zaxxer.hikari.HikariDataSource       : HikariPool-6 - Shutdown completed.
2024-10-22T19:29:41.792-03:00  INFO 3868 --- [ProjetoFinal-API-ECommerce] [restartedMain] .a.e.ProjetoFinalApiECommerceApplication : Starting ProjetoFinalApiECommerceApplication using Java 17.0.11 with PID 3868 (C:\Users\willi\Documents\workspace-spring-tool-suite-4-4.25.0.RELEASE\Projeto-API-ECommerce\target\classes started by Lagosul in C:\Users\willi\Documents\workspace-spring-tool-suite-4-4.25.0.RELEASE\Projeto-API-ECommerce)
2024-10-22T19:29:41.792-03:00 DEBUG 3868 --- [ProjetoFinal-API-ECommerce] [restartedMain] .a.e.ProjetoFinalApiECommerceApplication : Running with Spring Boot v3.3.4, Spring v6.1.13
2024-10-22T19:29:41.792-03:00  INFO 3868 --- [ProjetoFinal-API-ECommerce] [restartedMain] .a.e.ProjetoFinalApiECommerceApplication : The following 1 profile is active: "developer"
2024-10-22T19:29:42.077-03:00  INFO 3868 --- [ProjetoFinal-API-ECommerce] [restartedMain] .s.d.r.c.RepositoryConfigurationDelegate : Bootstrapping Spring Data JPA repositories in DEFAULT mode.
2024-10-22T19:29:42.094-03:00  INFO 3868 --- [ProjetoFinal-API-ECommerce] [restartedMain] .s.d.r.c.RepositoryConfigurationDelegate : Finished Spring Data repository scanning in 16 ms. Found 4 JPA repository interfaces.
2024-10-22T19:29:42.186-03:00  INFO 3868 --- [ProjetoFinal-API-ECommerce] [restartedMain] o.s.b.w.embedded.tomcat.TomcatWebServer  : Tomcat initialized with port 9090 (http)
2024-10-22T19:29:42.187-03:00  INFO 3868 --- [ProjetoFinal-API-ECommerce] [restartedMain] o.apache.catalina.core.StandardService   : Starting service [Tomcat]
2024-10-22T19:29:42.187-03:00  INFO 3868 --- [ProjetoFinal-API-ECommerce] [restartedMain] o.apache.catalina.core.StandardEngine    : Starting Servlet engine: [Apache Tomcat/10.1.30]
2024-10-22T19:29:42.264-03:00  INFO 3868 --- [ProjetoFinal-API-ECommerce] [restartedMain] o.a.c.c.C.[Tomcat].[localhost].[/]       : Initializing Spring embedded WebApplicationContext
2024-10-22T19:29:42.264-03:00  INFO 3868 --- [ProjetoFinal-API-ECommerce] [restartedMain] w.s.c.ServletWebServerApplicationContext : Root WebApplicationContext: initialization completed in 470 ms
2024-10-22T19:29:42.275-03:00  INFO 3868 --- [ProjetoFinal-API-ECommerce] [restartedMain] com.zaxxer.hikari.HikariDataSource       : HikariPool-7 - Starting...
2024-10-22T19:29:42.277-03:00  INFO 3868 --- [ProjetoFinal-API-ECommerce] [restartedMain] com.zaxxer.hikari.pool.HikariPool        : HikariPool-7 - Added connection conn60: url=jdbc:h2:mem:ecommerce_db user=SA
2024-10-22T19:29:42.277-03:00  INFO 3868 --- [ProjetoFinal-API-ECommerce] [restartedMain] com.zaxxer.hikari.HikariDataSource       : HikariPool-7 - Start completed.
2024-10-22T19:29:42.277-03:00  INFO 3868 --- [ProjetoFinal-API-ECommerce] [restartedMain] o.s.b.a.h2.H2ConsoleAutoConfiguration    : H2 console available at '/h2-console'. Database available at 'jdbc:h2:mem:ecommerce_db'
2024-10-22T19:29:42.299-03:00  INFO 3868 --- [ProjetoFinal-API-ECommerce] [restartedMain] o.hibernate.jpa.internal.util.LogHelper  : HHH000204: Processing PersistenceUnitInfo [name: default]
2024-10-22T19:29:42.301-03:00  INFO 3868 --- [ProjetoFinal-API-ECommerce] [restartedMain] o.h.c.internal.RegionFactoryInitiator    : HHH000026: Second-level cache disabled
2024-10-22T19:29:42.308-03:00  INFO 3868 --- [ProjetoFinal-API-ECommerce] [restartedMain] o.s.o.j.p.SpringPersistenceUnitInfo      : No LoadTimeWeaver setup: ignoring JPA class transformer
2024-10-22T19:29:42.309-03:00  WARN 3868 --- [ProjetoFinal-API-ECommerce] [restartedMain] org.hibernate.orm.deprecation            : HHH90000025: H2Dialect does not need to be specified explicitly using 'hibernate.dialect' (remove the property setting and it will be selected by default)
2024-10-22T19:29:42.339-03:00  WARN 3868 --- [ProjetoFinal-API-ECommerce] [restartedMain] org.hibernate.mapping.RootClass          : HHH000038: Composite-id class does not override equals(): br.com.api.ecommerce.entity.ProdutoPedidoPK
2024-10-22T19:29:42.339-03:00  WARN 3868 --- [ProjetoFinal-API-ECommerce] [restartedMain] org.hibernate.mapping.RootClass          : HHH000039: Composite-id class does not override hashCode(): br.com.api.ecommerce.entity.ProdutoPedidoPK
2024-10-22T19:29:42.377-03:00  INFO 3868 --- [ProjetoFinal-API-ECommerce] [restartedMain] o.h.e.t.j.p.i.JtaPlatformInitiator       : HHH000489: No JTA platform available (set 'hibernate.transaction.jta.platform' to enable JTA platform integration)
2024-10-22T19:29:42.389-03:00  INFO 3868 --- [ProjetoFinal-API-ECommerce] [restartedMain] j.LocalContainerEntityManagerFactoryBean : Initialized JPA EntityManagerFactory for persistence unit 'default'
2024-10-22T19:29:42.465-03:00  WARN 3868 --- [ProjetoFinal-API-ECommerce] [restartedMain] JpaBaseConfiguration$JpaWebConfiguration : spring.jpa.open-in-view is enabled by default. Therefore, database queries may be performed during view rendering. Explicitly configure spring.jpa.open-in-view to disable this warning
2024-10-22T19:29:42.473-03:00  INFO 3868 --- [ProjetoFinal-API-ECommerce] [restartedMain] r$InitializeUserDetailsManagerConfigurer : Global AuthenticationManager configured with UserDetailsService bean with name inMemoryUserDetailsManager
2024-10-22T19:29:42.622-03:00  INFO 3868 --- [ProjetoFinal-API-ECommerce] [restartedMain] o.s.b.d.a.OptionalLiveReloadServer       : LiveReload server is running on port 35729
2024-10-22T19:29:42.635-03:00  INFO 3868 --- [ProjetoFinal-API-ECommerce] [restartedMain] o.s.b.w.embedded.tomcat.TomcatWebServer  : Tomcat started on port 9090 (http) with context path '/'
2024-10-22T19:29:42.643-03:00  INFO 3868 --- [ProjetoFinal-API-ECommerce] [restartedMain] .a.e.ProjetoFinalApiECommerceApplication : Started ProjetoFinalApiECommerceApplication in 0.877 seconds (process running for 975.029)
2024-10-22T19:29:42.645-03:00  INFO 3868 --- [ProjetoFinal-API-ECommerce] [restartedMain] .ConditionEvaluationDeltaLoggingListener : Condition evaluation unchanged
2024-10-22T19:29:47.753-03:00  INFO 3868 --- [ProjetoFinal-API-ECommerce] [RMI TCP Connection(39)-127.0.0.1] inMXBeanRegistrar$SpringApplicationAdmin : Application shutdown requested.
2024-10-22T19:29:47.818-03:00  INFO 3868 --- [ProjetoFinal-API-ECommerce] [RMI TCP Connection(39)-127.0.0.1] j.LocalContainerEntityManagerFactoryBean : Closing JPA EntityManagerFactory for persistence unit 'default'
2024-10-22T19:29:47.819-03:00  WARN 3868 --- [ProjetoFinal-API-ECommerce] [RMI TCP Connection(39)-127.0.0.1] o.s.b.f.support.DisposableBeanAdapter    : Invocation of destroy method failed on bean with name 'inMemoryDatabaseShutdownExecutor': org.h2.jdbc.JdbcSQLNonTransientConnectionException: Database is already closed (to disable automatic closing at VM shutdown, add ";DB_CLOSE_ON_EXIT=FALSE" to the db URL) [90121-224]
2024-10-22T19:29:47.819-03:00  INFO 3868 --- [ProjetoFinal-API-ECommerce] [RMI TCP Connection(39)-127.0.0.1] com.zaxxer.hikari.HikariDataSource       : HikariPool-7 - Shutdown initiated...
2024-10-22T19:29:47.820-03:00  INFO 3868 --- [ProjetoFinal-API-ECommerce] [RMI TCP Connection(39)-127.0.0.1] com.zaxxer.hikari.HikariDataSource       : HikariPool-7 - Shutdown completed.
2024-10-22T19:29:59.206-03:00  INFO 16104 --- [ProjetoFinal-API-ECommerce] [restartedMain] .a.e.ProjetoFinalApiECommerceApplication : Starting ProjetoFinalApiECommerceApplication using Java 17.0.11 with PID 16104 (C:\Users\willi\Documents\workspace-spring-tool-suite-4-4.25.0.RELEASE\Projeto-API-ECommerce\target\classes started by Lagosul in C:\Users\willi\Documents\workspace-spring-tool-suite-4-4.25.0.RELEASE\Projeto-API-ECommerce)
2024-10-22T19:29:59.208-03:00 DEBUG 16104 --- [ProjetoFinal-API-ECommerce] [restartedMain] .a.e.ProjetoFinalApiECommerceApplication : Running with Spring Boot v3.3.4, Spring v6.1.13
2024-10-22T19:29:59.209-03:00  INFO 16104 --- [ProjetoFinal-API-ECommerce] [restartedMain] .a.e.ProjetoFinalApiECommerceApplication : The following 1 profile is active: "developer"
2024-10-22T19:29:59.267-03:00  INFO 16104 --- [ProjetoFinal-API-ECommerce] [restartedMain] .e.DevToolsPropertyDefaultsPostProcessor : Devtools property defaults active! Set 'spring.devtools.add-properties' to 'false' to disable
2024-10-22T19:29:59.268-03:00  INFO 16104 --- [ProjetoFinal-API-ECommerce] [restartedMain] .e.DevToolsPropertyDefaultsPostProcessor : For additional web related logging consider setting the 'logging.level.web' property to 'DEBUG'
2024-10-22T19:30:00.262-03:00  INFO 16104 --- [ProjetoFinal-API-ECommerce] [restartedMain] .s.d.r.c.RepositoryConfigurationDelegate : Bootstrapping Spring Data JPA repositories in DEFAULT mode.
2024-10-22T19:30:00.336-03:00  INFO 16104 --- [ProjetoFinal-API-ECommerce] [restartedMain] .s.d.r.c.RepositoryConfigurationDelegate : Finished Spring Data repository scanning in 64 ms. Found 4 JPA repository interfaces.
2024-10-22T19:30:00.959-03:00  INFO 16104 --- [ProjetoFinal-API-ECommerce] [restartedMain] o.s.b.w.embedded.tomcat.TomcatWebServer  : Tomcat initialized with port 9090 (http)
2024-10-22T19:30:00.975-03:00  INFO 16104 --- [ProjetoFinal-API-ECommerce] [restartedMain] o.apache.catalina.core.StandardService   : Starting service [Tomcat]
2024-10-22T19:30:00.976-03:00  INFO 16104 --- [ProjetoFinal-API-ECommerce] [restartedMain] o.apache.catalina.core.StandardEngine    : Starting Servlet engine: [Apache Tomcat/10.1.30]
2024-10-22T19:30:01.063-03:00  INFO 16104 --- [ProjetoFinal-API-ECommerce] [restartedMain] o.a.c.c.C.[Tomcat].[localhost].[/]       : Initializing Spring embedded WebApplicationContext
2024-10-22T19:30:01.065-03:00  INFO 16104 --- [ProjetoFinal-API-ECommerce] [restartedMain] w.s.c.ServletWebServerApplicationContext : Root WebApplicationContext: initialization completed in 1795 ms
2024-10-22T19:30:01.110-03:00  INFO 16104 --- [ProjetoFinal-API-ECommerce] [restartedMain] com.zaxxer.hikari.HikariDataSource       : HikariPool-1 - Starting...
2024-10-22T19:30:01.403-03:00  INFO 16104 --- [ProjetoFinal-API-ECommerce] [restartedMain] com.zaxxer.hikari.pool.HikariPool        : HikariPool-1 - Added connection conn0: url=jdbc:h2:mem:ecommerce_db user=SA
2024-10-22T19:30:01.405-03:00  INFO 16104 --- [ProjetoFinal-API-ECommerce] [restartedMain] com.zaxxer.hikari.HikariDataSource       : HikariPool-1 - Start completed.
2024-10-22T19:30:01.415-03:00  INFO 16104 --- [ProjetoFinal-API-ECommerce] [restartedMain] o.s.b.a.h2.H2ConsoleAutoConfiguration    : H2 console available at '/h2-console'. Database available at 'jdbc:h2:mem:ecommerce_db'
2024-10-22T19:30:01.563-03:00  INFO 16104 --- [ProjetoFinal-API-ECommerce] [restartedMain] o.hibernate.jpa.internal.util.LogHelper  : HHH000204: Processing PersistenceUnitInfo [name: default]
2024-10-22T19:30:01.644-03:00  INFO 16104 --- [ProjetoFinal-API-ECommerce] [restartedMain] org.hibernate.Version                    : HHH000412: Hibernate ORM core version 6.5.3.Final
2024-10-22T19:30:01.695-03:00  INFO 16104 --- [ProjetoFinal-API-ECommerce] [restartedMain] o.h.c.internal.RegionFactoryInitiator    : HHH000026: Second-level cache disabled
2024-10-22T19:30:02.032-03:00  INFO 16104 --- [ProjetoFinal-API-ECommerce] [restartedMain] o.s.o.j.p.SpringPersistenceUnitInfo      : No LoadTimeWeaver setup: ignoring JPA class transformer
2024-10-22T19:30:02.095-03:00  WARN 16104 --- [ProjetoFinal-API-ECommerce] [restartedMain] org.hibernate.orm.deprecation            : HHH90000025: H2Dialect does not need to be specified explicitly using 'hibernate.dialect' (remove the property setting and it will be selected by default)
2024-10-22T19:30:02.547-03:00  WARN 16104 --- [ProjetoFinal-API-ECommerce] [restartedMain] org.hibernate.mapping.RootClass          : HHH000038: Composite-id class does not override equals(): br.com.api.ecommerce.entity.ProdutoPedidoPK
2024-10-22T19:30:02.548-03:00  WARN 16104 --- [ProjetoFinal-API-ECommerce] [restartedMain] org.hibernate.mapping.RootClass          : HHH000039: Composite-id class does not override hashCode(): br.com.api.ecommerce.entity.ProdutoPedidoPK
2024-10-22T19:30:03.262-03:00  INFO 16104 --- [ProjetoFinal-API-ECommerce] [restartedMain] o.h.e.t.j.p.i.JtaPlatformInitiator       : HHH000489: No JTA platform available (set 'hibernate.transaction.jta.platform' to enable JTA platform integration)
2024-10-22T19:30:03.355-03:00  INFO 16104 --- [ProjetoFinal-API-ECommerce] [restartedMain] j.LocalContainerEntityManagerFactoryBean : Initialized JPA EntityManagerFactory for persistence unit 'default'
2024-10-22T19:30:03.768-03:00  WARN 16104 --- [ProjetoFinal-API-ECommerce] [restartedMain] JpaBaseConfiguration$JpaWebConfiguration : spring.jpa.open-in-view is enabled by default. Therefore, database queries may be performed during view rendering. Explicitly configure spring.jpa.open-in-view to disable this warning
2024-10-22T19:30:03.823-03:00  INFO 16104 --- [ProjetoFinal-API-ECommerce] [restartedMain] r$InitializeUserDetailsManagerConfigurer : Global AuthenticationManager configured with UserDetailsService bean with name inMemoryUserDetailsManager
2024-10-22T19:30:04.401-03:00  INFO 16104 --- [ProjetoFinal-API-ECommerce] [restartedMain] o.s.b.d.a.OptionalLiveReloadServer       : LiveReload server is running on port 35729
2024-10-22T19:30:04.454-03:00  INFO 16104 --- [ProjetoFinal-API-ECommerce] [restartedMain] o.s.b.w.embedded.tomcat.TomcatWebServer  : Tomcat started on port 9090 (http) with context path '/'
2024-10-22T19:30:04.469-03:00  INFO 16104 --- [ProjetoFinal-API-ECommerce] [restartedMain] .a.e.ProjetoFinalApiECommerceApplication : Started ProjetoFinalApiECommerceApplication in 5.707 seconds (process running for 6.612)
2024-10-22T19:31:57.464-03:00  INFO 16104 --- [ProjetoFinal-API-ECommerce] [File Watcher] rtingClassPathChangeChangedEventListener : Restarting due to 1 class path change (0 additions, 0 deletions, 1 modification)
2024-10-22T19:31:57.568-03:00  INFO 16104 --- [ProjetoFinal-API-ECommerce] [Thread-5] j.LocalContainerEntityManagerFactoryBean : Closing JPA EntityManagerFactory for persistence unit 'default'
2024-10-22T19:31:57.576-03:00  WARN 16104 --- [ProjetoFinal-API-ECommerce] [Thread-5] o.s.b.f.support.DisposableBeanAdapter    : Invocation of destroy method failed on bean with name 'inMemoryDatabaseShutdownExecutor': org.h2.jdbc.JdbcSQLNonTransientConnectionException: Database is already closed (to disable automatic closing at VM shutdown, add ";DB_CLOSE_ON_EXIT=FALSE" to the db URL) [90121-224]
2024-10-22T19:31:57.577-03:00  INFO 16104 --- [ProjetoFinal-API-ECommerce] [Thread-5] com.zaxxer.hikari.HikariDataSource       : HikariPool-1 - Shutdown initiated...
2024-10-22T19:31:57.579-03:00  INFO 16104 --- [ProjetoFinal-API-ECommerce] [Thread-5] com.zaxxer.hikari.HikariDataSource       : HikariPool-1 - Shutdown completed.
2024-10-22T19:31:57.708-03:00  INFO 16104 --- [ProjetoFinal-API-ECommerce] [restartedMain] .a.e.ProjetoFinalApiECommerceApplication : Starting ProjetoFinalApiECommerceApplication using Java 17.0.11 with PID 16104 (C:\Users\willi\Documents\workspace-spring-tool-suite-4-4.25.0.RELEASE\Projeto-API-ECommerce\target\classes started by Lagosul in C:\Users\willi\Documents\workspace-spring-tool-suite-4-4.25.0.RELEASE\Projeto-API-ECommerce)
2024-10-22T19:31:57.708-03:00 DEBUG 16104 --- [ProjetoFinal-API-ECommerce] [restartedMain] .a.e.ProjetoFinalApiECommerceApplication : Running with Spring Boot v3.3.4, Spring v6.1.13
2024-10-22T19:31:57.708-03:00  INFO 16104 --- [ProjetoFinal-API-ECommerce] [restartedMain] .a.e.ProjetoFinalApiECommerceApplication : The following 1 profile is active: "production"
2024-10-22T19:31:58.147-03:00  INFO 16104 --- [ProjetoFinal-API-ECommerce] [restartedMain] .s.d.r.c.RepositoryConfigurationDelegate : Bootstrapping Spring Data JPA repositories in DEFAULT mode.
2024-10-22T19:31:58.174-03:00  INFO 16104 --- [ProjetoFinal-API-ECommerce] [restartedMain] .s.d.r.c.RepositoryConfigurationDelegate : Finished Spring Data repository scanning in 26 ms. Found 4 JPA repository interfaces.
2024-10-22T19:31:58.342-03:00  INFO 16104 --- [ProjetoFinal-API-ECommerce] [restartedMain] o.s.b.w.embedded.tomcat.TomcatWebServer  : Tomcat initialized with port 9090 (http)
2024-10-22T19:31:58.343-03:00  INFO 16104 --- [ProjetoFinal-API-ECommerce] [restartedMain] o.apache.catalina.core.StandardService   : Starting service [Tomcat]
2024-10-22T19:31:58.344-03:00  INFO 16104 --- [ProjetoFinal-API-ECommerce] [restartedMain] o.apache.catalina.core.StandardEngine    : Starting Servlet engine: [Apache Tomcat/10.1.30]
2024-10-22T19:31:58.378-03:00  INFO 16104 --- [ProjetoFinal-API-ECommerce] [restartedMain] o.a.c.c.C.[Tomcat].[localhost].[/]       : Initializing Spring embedded WebApplicationContext
2024-10-22T19:31:58.379-03:00  INFO 16104 --- [ProjetoFinal-API-ECommerce] [restartedMain] w.s.c.ServletWebServerApplicationContext : Root WebApplicationContext: initialization completed in 669 ms
2024-10-22T19:31:58.406-03:00  INFO 16104 --- [ProjetoFinal-API-ECommerce] [restartedMain] com.zaxxer.hikari.HikariDataSource       : HikariPool-2 - Starting...
2024-10-22T19:31:58.750-03:00  INFO 16104 --- [ProjetoFinal-API-ECommerce] [restartedMain] com.zaxxer.hikari.pool.HikariPool        : HikariPool-2 - Added connection org.postgresql.jdbc.PgConnection@1d7653c5
2024-10-22T19:31:58.750-03:00  INFO 16104 --- [ProjetoFinal-API-ECommerce] [restartedMain] com.zaxxer.hikari.HikariDataSource       : HikariPool-2 - Start completed.
2024-10-22T19:31:58.756-03:00  INFO 16104 --- [ProjetoFinal-API-ECommerce] [restartedMain] o.s.b.a.h2.H2ConsoleAutoConfiguration    : H2 console available at '/h2-console'. Database available at 'jdbc:postgresql://localhost:5432/api'
2024-10-22T19:31:58.809-03:00  INFO 16104 --- [ProjetoFinal-API-ECommerce] [restartedMain] o.hibernate.jpa.internal.util.LogHelper  : HHH000204: Processing PersistenceUnitInfo [name: default]
2024-10-22T19:31:58.813-03:00  INFO 16104 --- [ProjetoFinal-API-ECommerce] [restartedMain] o.h.c.internal.RegionFactoryInitiator    : HHH000026: Second-level cache disabled
2024-10-22T19:31:58.833-03:00  INFO 16104 --- [ProjetoFinal-API-ECommerce] [restartedMain] o.s.o.j.p.SpringPersistenceUnitInfo      : No LoadTimeWeaver setup: ignoring JPA class transformer
2024-10-22T19:31:59.096-03:00  WARN 16104 --- [ProjetoFinal-API-ECommerce] [restartedMain] org.hibernate.mapping.RootClass          : HHH000038: Composite-id class does not override equals(): br.com.api.ecommerce.entity.ProdutoPedidoPK
2024-10-22T19:31:59.097-03:00  WARN 16104 --- [ProjetoFinal-API-ECommerce] [restartedMain] org.hibernate.mapping.RootClass          : HHH000039: Composite-id class does not override hashCode(): br.com.api.ecommerce.entity.ProdutoPedidoPK
2024-10-22T19:31:59.225-03:00  INFO 16104 --- [ProjetoFinal-API-ECommerce] [restartedMain] o.h.e.t.j.p.i.JtaPlatformInitiator       : HHH000489: No JTA platform available (set 'hibernate.transaction.jta.platform' to enable JTA platform integration)
2024-10-22T19:31:59.440-03:00  INFO 16104 --- [ProjetoFinal-API-ECommerce] [restartedMain] j.LocalContainerEntityManagerFactoryBean : Initialized JPA EntityManagerFactory for persistence unit 'default'
2024-10-22T19:31:59.575-03:00  WARN 16104 --- [ProjetoFinal-API-ECommerce] [restartedMain] JpaBaseConfiguration$JpaWebConfiguration : spring.jpa.open-in-view is enabled by default. Therefore, database queries may be performed during view rendering. Explicitly configure spring.jpa.open-in-view to disable this warning
2024-10-22T19:31:59.584-03:00  INFO 16104 --- [ProjetoFinal-API-ECommerce] [restartedMain] r$InitializeUserDetailsManagerConfigurer : Global AuthenticationManager configured with UserDetailsService bean with name inMemoryUserDetailsManager
2024-10-22T19:31:59.837-03:00  INFO 16104 --- [ProjetoFinal-API-ECommerce] [restartedMain] o.s.b.d.a.OptionalLiveReloadServer       : LiveReload server is running on port 35729
2024-10-22T19:31:59.858-03:00  INFO 16104 --- [ProjetoFinal-API-ECommerce] [restartedMain] o.s.b.w.embedded.tomcat.TomcatWebServer  : Tomcat started on port 9090 (http) with context path '/'
2024-10-22T19:31:59.876-03:00  INFO 16104 --- [ProjetoFinal-API-ECommerce] [restartedMain] .a.e.ProjetoFinalApiECommerceApplication : Started ProjetoFinalApiECommerceApplication in 2.224 seconds (process running for 122.019)
2024-10-22T19:31:59.882-03:00  INFO 16104 --- [ProjetoFinal-API-ECommerce] [restartedMain] .ConditionEvaluationDeltaLoggingListener : Condition evaluation unchanged
2024-10-22T19:32:03.809-03:00  INFO 16104 --- [ProjetoFinal-API-ECommerce] [RMI TCP Connection(10)-127.0.0.1] inMXBeanRegistrar$SpringApplicationAdmin : Application shutdown requested.
2024-10-22T19:32:03.875-03:00  INFO 16104 --- [ProjetoFinal-API-ECommerce] [RMI TCP Connection(10)-127.0.0.1] j.LocalContainerEntityManagerFactoryBean : Closing JPA EntityManagerFactory for persistence unit 'default'
2024-10-22T19:32:03.876-03:00  INFO 16104 --- [ProjetoFinal-API-ECommerce] [RMI TCP Connection(10)-127.0.0.1] com.zaxxer.hikari.HikariDataSource       : HikariPool-2 - Shutdown initiated...
2024-10-22T19:32:03.881-03:00  INFO 16104 --- [ProjetoFinal-API-ECommerce] [RMI TCP Connection(10)-127.0.0.1] com.zaxxer.hikari.HikariDataSource       : HikariPool-2 - Shutdown completed.
2024-10-22T19:32:08.430-03:00  INFO 8168 --- [ProjetoFinal-API-ECommerce] [restartedMain] .a.e.ProjetoFinalApiECommerceApplication : Starting ProjetoFinalApiECommerceApplication using Java 17.0.11 with PID 8168 (C:\Users\willi\Documents\workspace-spring-tool-suite-4-4.25.0.RELEASE\Projeto-API-ECommerce\target\classes started by Lagosul in C:\Users\willi\Documents\workspace-spring-tool-suite-4-4.25.0.RELEASE\Projeto-API-ECommerce)
2024-10-22T19:32:08.432-03:00 DEBUG 8168 --- [ProjetoFinal-API-ECommerce] [restartedMain] .a.e.ProjetoFinalApiECommerceApplication : Running with Spring Boot v3.3.4, Spring v6.1.13
2024-10-22T19:32:08.434-03:00  INFO 8168 --- [ProjetoFinal-API-ECommerce] [restartedMain] .a.e.ProjetoFinalApiECommerceApplication : The following 1 profile is active: "production"
2024-10-22T19:32:08.490-03:00  INFO 8168 --- [ProjetoFinal-API-ECommerce] [restartedMain] .e.DevToolsPropertyDefaultsPostProcessor : Devtools property defaults active! Set 'spring.devtools.add-properties' to 'false' to disable
2024-10-22T19:32:08.490-03:00  INFO 8168 --- [ProjetoFinal-API-ECommerce] [restartedMain] .e.DevToolsPropertyDefaultsPostProcessor : For additional web related logging consider setting the 'logging.level.web' property to 'DEBUG'
2024-10-22T19:32:09.463-03:00  INFO 8168 --- [ProjetoFinal-API-ECommerce] [restartedMain] .s.d.r.c.RepositoryConfigurationDelegate : Bootstrapping Spring Data JPA repositories in DEFAULT mode.
2024-10-22T19:32:09.538-03:00  INFO 8168 --- [ProjetoFinal-API-ECommerce] [restartedMain] .s.d.r.c.RepositoryConfigurationDelegate : Finished Spring Data repository scanning in 66 ms. Found 4 JPA repository interfaces.
2024-10-22T19:32:10.250-03:00  INFO 8168 --- [ProjetoFinal-API-ECommerce] [restartedMain] o.s.b.w.embedded.tomcat.TomcatWebServer  : Tomcat initialized with port 9090 (http)
2024-10-22T19:32:10.270-03:00  INFO 8168 --- [ProjetoFinal-API-ECommerce] [restartedMain] o.apache.catalina.core.StandardService   : Starting service [Tomcat]
2024-10-22T19:32:10.271-03:00  INFO 8168 --- [ProjetoFinal-API-ECommerce] [restartedMain] o.apache.catalina.core.StandardEngine    : Starting Servlet engine: [Apache Tomcat/10.1.30]
2024-10-22T19:32:10.360-03:00  INFO 8168 --- [ProjetoFinal-API-ECommerce] [restartedMain] o.a.c.c.C.[Tomcat].[localhost].[/]       : Initializing Spring embedded WebApplicationContext
2024-10-22T19:32:10.361-03:00  INFO 8168 --- [ProjetoFinal-API-ECommerce] [restartedMain] w.s.c.ServletWebServerApplicationContext : Root WebApplicationContext: initialization completed in 1871 ms
2024-10-22T19:32:10.407-03:00  INFO 8168 --- [ProjetoFinal-API-ECommerce] [restartedMain] com.zaxxer.hikari.HikariDataSource       : HikariPool-1 - Starting...
2024-10-22T19:32:10.623-03:00  INFO 8168 --- [ProjetoFinal-API-ECommerce] [restartedMain] com.zaxxer.hikari.pool.HikariPool        : HikariPool-1 - Added connection org.postgresql.jdbc.PgConnection@3aaec39b
2024-10-22T19:32:10.626-03:00  INFO 8168 --- [ProjetoFinal-API-ECommerce] [restartedMain] com.zaxxer.hikari.HikariDataSource       : HikariPool-1 - Start completed.
2024-10-22T19:32:10.638-03:00  INFO 8168 --- [ProjetoFinal-API-ECommerce] [restartedMain] o.s.b.a.h2.H2ConsoleAutoConfiguration    : H2 console available at '/h2-console'. Database available at 'jdbc:postgresql://localhost:5432/api'
2024-10-22T19:32:10.796-03:00  INFO 8168 --- [ProjetoFinal-API-ECommerce] [restartedMain] o.hibernate.jpa.internal.util.LogHelper  : HHH000204: Processing PersistenceUnitInfo [name: default]
2024-10-22T19:32:10.895-03:00  INFO 8168 --- [ProjetoFinal-API-ECommerce] [restartedMain] org.hibernate.Version                    : HHH000412: Hibernate ORM core version 6.5.3.Final
2024-10-22T19:32:10.944-03:00  INFO 8168 --- [ProjetoFinal-API-ECommerce] [restartedMain] o.h.c.internal.RegionFactoryInitiator    : HHH000026: Second-level cache disabled
2024-10-22T19:32:11.316-03:00  INFO 8168 --- [ProjetoFinal-API-ECommerce] [restartedMain] o.s.o.j.p.SpringPersistenceUnitInfo      : No LoadTimeWeaver setup: ignoring JPA class transformer
2024-10-22T19:32:11.902-03:00  WARN 8168 --- [ProjetoFinal-API-ECommerce] [restartedMain] org.hibernate.mapping.RootClass          : HHH000038: Composite-id class does not override equals(): br.com.api.ecommerce.entity.ProdutoPedidoPK
2024-10-22T19:32:11.902-03:00  WARN 8168 --- [ProjetoFinal-API-ECommerce] [restartedMain] org.hibernate.mapping.RootClass          : HHH000039: Composite-id class does not override hashCode(): br.com.api.ecommerce.entity.ProdutoPedidoPK
2024-10-22T19:32:12.649-03:00  INFO 8168 --- [ProjetoFinal-API-ECommerce] [restartedMain] o.h.e.t.j.p.i.JtaPlatformInitiator       : HHH000489: No JTA platform available (set 'hibernate.transaction.jta.platform' to enable JTA platform integration)
2024-10-22T19:32:12.790-03:00  INFO 8168 --- [ProjetoFinal-API-ECommerce] [restartedMain] j.LocalContainerEntityManagerFactoryBean : Initialized JPA EntityManagerFactory for persistence unit 'default'
2024-10-22T19:32:13.149-03:00  WARN 8168 --- [ProjetoFinal-API-ECommerce] [restartedMain] JpaBaseConfiguration$JpaWebConfiguration : spring.jpa.open-in-view is enabled by default. Therefore, database queries may be performed during view rendering. Explicitly configure spring.jpa.open-in-view to disable this warning
2024-10-22T19:32:13.186-03:00  INFO 8168 --- [ProjetoFinal-API-ECommerce] [restartedMain] r$InitializeUserDetailsManagerConfigurer : Global AuthenticationManager configured with UserDetailsService bean with name inMemoryUserDetailsManager
2024-10-22T19:32:13.794-03:00  INFO 8168 --- [ProjetoFinal-API-ECommerce] [restartedMain] o.s.b.d.a.OptionalLiveReloadServer       : LiveReload server is running on port 35729
2024-10-22T19:32:13.846-03:00  INFO 8168 --- [ProjetoFinal-API-ECommerce] [restartedMain] o.s.b.w.embedded.tomcat.TomcatWebServer  : Tomcat started on port 9090 (http) with context path '/'
2024-10-22T19:32:13.861-03:00  INFO 8168 --- [ProjetoFinal-API-ECommerce] [restartedMain] .a.e.ProjetoFinalApiECommerceApplication : Started ProjetoFinalApiECommerceApplication in 5.903 seconds (process running for 6.767)
2024-10-22T19:40:56.210-03:00  INFO 8168 --- [ProjetoFinal-API-ECommerce] [RMI TCP Connection(18)-127.0.0.1] inMXBeanRegistrar$SpringApplicationAdmin : Application shutdown requested.
2024-10-22T19:40:56.347-03:00  INFO 8168 --- [ProjetoFinal-API-ECommerce] [RMI TCP Connection(18)-127.0.0.1] j.LocalContainerEntityManagerFactoryBean : Closing JPA EntityManagerFactory for persistence unit 'default'
2024-10-22T19:40:56.361-03:00  INFO 8168 --- [ProjetoFinal-API-ECommerce] [RMI TCP Connection(18)-127.0.0.1] com.zaxxer.hikari.HikariDataSource       : HikariPool-1 - Shutdown initiated...
2024-10-22T19:40:56.387-03:00  INFO 8168 --- [ProjetoFinal-API-ECommerce] [RMI TCP Connection(18)-127.0.0.1] com.zaxxer.hikari.HikariDataSource       : HikariPool-1 - Shutdown completed.
2024-10-22T19:41:18.758-03:00  INFO 21256 --- [ProjetoFinal-API-ECommerce] [restartedMain] .a.e.ProjetoFinalApiECommerceApplication : Starting ProjetoFinalApiECommerceApplication using Java 17.0.11 with PID 21256 (C:\Users\willi\Documents\workspace-spring-tool-suite-4-4.25.0.RELEASE\Projeto-API-ECommerce\target\classes started by Lagosul in C:\Users\willi\Documents\workspace-spring-tool-suite-4-4.25.0.RELEASE\Projeto-API-ECommerce)
2024-10-22T19:41:18.762-03:00 DEBUG 21256 --- [ProjetoFinal-API-ECommerce] [restartedMain] .a.e.ProjetoFinalApiECommerceApplication : Running with Spring Boot v3.3.4, Spring v6.1.13
2024-10-22T19:41:18.764-03:00  INFO 21256 --- [ProjetoFinal-API-ECommerce] [restartedMain] .a.e.ProjetoFinalApiECommerceApplication : The following 1 profile is active: "production"
2024-10-22T19:41:18.832-03:00  INFO 21256 --- [ProjetoFinal-API-ECommerce] [restartedMain] .e.DevToolsPropertyDefaultsPostProcessor : Devtools property defaults active! Set 'spring.devtools.add-properties' to 'false' to disable
2024-10-22T19:41:18.832-03:00  INFO 21256 --- [ProjetoFinal-API-ECommerce] [restartedMain] .e.DevToolsPropertyDefaultsPostProcessor : For additional web related logging consider setting the 'logging.level.web' property to 'DEBUG'
2024-10-22T19:41:19.815-03:00  INFO 21256 --- [ProjetoFinal-API-ECommerce] [restartedMain] .s.d.r.c.RepositoryConfigurationDelegate : Bootstrapping Spring Data JPA repositories in DEFAULT mode.
2024-10-22T19:41:19.888-03:00  INFO 21256 --- [ProjetoFinal-API-ECommerce] [restartedMain] .s.d.r.c.RepositoryConfigurationDelegate : Finished Spring Data repository scanning in 65 ms. Found 4 JPA repository interfaces.
2024-10-22T19:41:20.495-03:00  INFO 21256 --- [ProjetoFinal-API-ECommerce] [restartedMain] o.s.b.w.embedded.tomcat.TomcatWebServer  : Tomcat initialized with port 9090 (http)
2024-10-22T19:41:20.518-03:00  INFO 21256 --- [ProjetoFinal-API-ECommerce] [restartedMain] o.apache.catalina.core.StandardService   : Starting service [Tomcat]
2024-10-22T19:41:20.519-03:00  INFO 21256 --- [ProjetoFinal-API-ECommerce] [restartedMain] o.apache.catalina.core.StandardEngine    : Starting Servlet engine: [Apache Tomcat/10.1.30]
2024-10-22T19:41:20.593-03:00  INFO 21256 --- [ProjetoFinal-API-ECommerce] [restartedMain] o.a.c.c.C.[Tomcat].[localhost].[/]       : Initializing Spring embedded WebApplicationContext
2024-10-22T19:41:20.594-03:00  INFO 21256 --- [ProjetoFinal-API-ECommerce] [restartedMain] w.s.c.ServletWebServerApplicationContext : Root WebApplicationContext: initialization completed in 1761 ms
2024-10-22T19:41:20.636-03:00  INFO 21256 --- [ProjetoFinal-API-ECommerce] [restartedMain] com.zaxxer.hikari.HikariDataSource       : HikariPool-1 - Starting...
2024-10-22T19:41:20.897-03:00  INFO 21256 --- [ProjetoFinal-API-ECommerce] [restartedMain] com.zaxxer.hikari.pool.HikariPool        : HikariPool-1 - Added connection org.postgresql.jdbc.PgConnection@4a816ce1
2024-10-22T19:41:20.902-03:00  INFO 21256 --- [ProjetoFinal-API-ECommerce] [restartedMain] com.zaxxer.hikari.HikariDataSource       : HikariPool-1 - Start completed.
2024-10-22T19:41:20.918-03:00  INFO 21256 --- [ProjetoFinal-API-ECommerce] [restartedMain] o.s.b.a.h2.H2ConsoleAutoConfiguration    : H2 console available at '/h2-console'. Database available at 'jdbc:postgresql://localhost:5432/api_final'
2024-10-22T19:41:21.136-03:00  INFO 21256 --- [ProjetoFinal-API-ECommerce] [restartedMain] o.hibernate.jpa.internal.util.LogHelper  : HHH000204: Processing PersistenceUnitInfo [name: default]
2024-10-22T19:41:21.240-03:00  INFO 21256 --- [ProjetoFinal-API-ECommerce] [restartedMain] org.hibernate.Version                    : HHH000412: Hibernate ORM core version 6.5.3.Final
2024-10-22T19:41:21.302-03:00  INFO 21256 --- [ProjetoFinal-API-ECommerce] [restartedMain] o.h.c.internal.RegionFactoryInitiator    : HHH000026: Second-level cache disabled
2024-10-22T19:41:21.722-03:00  INFO 21256 --- [ProjetoFinal-API-ECommerce] [restartedMain] o.s.o.j.p.SpringPersistenceUnitInfo      : No LoadTimeWeaver setup: ignoring JPA class transformer
2024-10-22T19:41:22.371-03:00  WARN 21256 --- [ProjetoFinal-API-ECommerce] [restartedMain] org.hibernate.mapping.RootClass          : HHH000038: Composite-id class does not override equals(): br.com.api.ecommerce.entity.ProdutoPedidoPK
2024-10-22T19:41:22.371-03:00  WARN 21256 --- [ProjetoFinal-API-ECommerce] [restartedMain] org.hibernate.mapping.RootClass          : HHH000039: Composite-id class does not override hashCode(): br.com.api.ecommerce.entity.ProdutoPedidoPK
2024-10-22T19:41:23.279-03:00  INFO 21256 --- [ProjetoFinal-API-ECommerce] [restartedMain] o.h.e.t.j.p.i.JtaPlatformInitiator       : HHH000489: No JTA platform available (set 'hibernate.transaction.jta.platform' to enable JTA platform integration)
2024-10-22T19:41:23.423-03:00  INFO 21256 --- [ProjetoFinal-API-ECommerce] [restartedMain] j.LocalContainerEntityManagerFactoryBean : Initialized JPA EntityManagerFactory for persistence unit 'default'
2024-10-22T19:41:23.873-03:00  WARN 21256 --- [ProjetoFinal-API-ECommerce] [restartedMain] JpaBaseConfiguration$JpaWebConfiguration : spring.jpa.open-in-view is enabled by default. Therefore, database queries may be performed during view rendering. Explicitly configure spring.jpa.open-in-view to disable this warning
2024-10-22T19:41:23.918-03:00  INFO 21256 --- [ProjetoFinal-API-ECommerce] [restartedMain] r$InitializeUserDetailsManagerConfigurer : Global AuthenticationManager configured with UserDetailsService bean with name inMemoryUserDetailsManager
2024-10-22T19:41:24.674-03:00  INFO 21256 --- [ProjetoFinal-API-ECommerce] [restartedMain] o.s.b.d.a.OptionalLiveReloadServer       : LiveReload server is running on port 35729
2024-10-22T19:41:24.775-03:00  INFO 21256 --- [ProjetoFinal-API-ECommerce] [restartedMain] o.s.b.w.embedded.tomcat.TomcatWebServer  : Tomcat started on port 9090 (http) with context path '/'
2024-10-22T19:41:24.801-03:00  INFO 21256 --- [ProjetoFinal-API-ECommerce] [restartedMain] .a.e.ProjetoFinalApiECommerceApplication : Started ProjetoFinalApiECommerceApplication in 6.523 seconds (process running for 7.417)
2024-10-22T19:42:47.196-03:00  INFO 21256 --- [ProjetoFinal-API-ECommerce] [File Watcher] rtingClassPathChangeChangedEventListener : Restarting due to 1 class path change (0 additions, 0 deletions, 1 modification)
2024-10-22T19:42:47.287-03:00  INFO 21256 --- [ProjetoFinal-API-ECommerce] [Thread-5] j.LocalContainerEntityManagerFactoryBean : Closing JPA EntityManagerFactory for persistence unit 'default'
2024-10-22T19:42:47.292-03:00  INFO 21256 --- [ProjetoFinal-API-ECommerce] [Thread-5] com.zaxxer.hikari.HikariDataSource       : HikariPool-1 - Shutdown initiated...
2024-10-22T19:42:47.310-03:00  INFO 21256 --- [ProjetoFinal-API-ECommerce] [Thread-5] com.zaxxer.hikari.HikariDataSource       : HikariPool-1 - Shutdown completed.
2024-10-22T19:42:47.480-03:00  INFO 21256 --- [ProjetoFinal-API-ECommerce] [restartedMain] .a.e.ProjetoFinalApiECommerceApplication : Starting ProjetoFinalApiECommerceApplication using Java 17.0.11 with PID 21256 (C:\Users\willi\Documents\workspace-spring-tool-suite-4-4.25.0.RELEASE\Projeto-API-ECommerce\target\classes started by Lagosul in C:\Users\willi\Documents\workspace-spring-tool-suite-4-4.25.0.RELEASE\Projeto-API-ECommerce)
2024-10-22T19:42:47.482-03:00 DEBUG 21256 --- [ProjetoFinal-API-ECommerce] [restartedMain] .a.e.ProjetoFinalApiECommerceApplication : Running with Spring Boot v3.3.4, Spring v6.1.13
2024-10-22T19:42:47.487-03:00  INFO 21256 --- [ProjetoFinal-API-ECommerce] [restartedMain] .a.e.ProjetoFinalApiECommerceApplication : The following 1 profile is active: "developer"
2024-10-22T19:42:48.229-03:00  INFO 21256 --- [ProjetoFinal-API-ECommerce] [restartedMain] .s.d.r.c.RepositoryConfigurationDelegate : Bootstrapping Spring Data JPA repositories in DEFAULT mode.
2024-10-22T19:42:48.297-03:00  INFO 21256 --- [ProjetoFinal-API-ECommerce] [restartedMain] .s.d.r.c.RepositoryConfigurationDelegate : Finished Spring Data repository scanning in 67 ms. Found 4 JPA repository interfaces.
2024-10-22T19:42:48.924-03:00  INFO 21256 --- [ProjetoFinal-API-ECommerce] [restartedMain] o.s.b.w.embedded.tomcat.TomcatWebServer  : Tomcat initialized with port 9090 (http)
2024-10-22T19:42:48.927-03:00  INFO 21256 --- [ProjetoFinal-API-ECommerce] [restartedMain] o.apache.catalina.core.StandardService   : Starting service [Tomcat]
2024-10-22T19:42:48.927-03:00  INFO 21256 --- [ProjetoFinal-API-ECommerce] [restartedMain] o.apache.catalina.core.StandardEngine    : Starting Servlet engine: [Apache Tomcat/10.1.30]
2024-10-22T19:42:48.998-03:00  INFO 21256 --- [ProjetoFinal-API-ECommerce] [restartedMain] o.a.c.c.C.[Tomcat].[localhost].[/]       : Initializing Spring embedded WebApplicationContext
2024-10-22T19:42:48.999-03:00  INFO 21256 --- [ProjetoFinal-API-ECommerce] [restartedMain] w.s.c.ServletWebServerApplicationContext : Root WebApplicationContext: initialization completed in 1503 ms
2024-10-22T19:42:49.026-03:00  INFO 21256 --- [ProjetoFinal-API-ECommerce] [restartedMain] com.zaxxer.hikari.HikariDataSource       : HikariPool-2 - Starting...
2024-10-22T19:42:49.916-03:00  INFO 21256 --- [ProjetoFinal-API-ECommerce] [restartedMain] com.zaxxer.hikari.pool.HikariPool        : HikariPool-2 - Added connection conn0: url=jdbc:h2:mem:ecommerce_db user=SA
2024-10-22T19:42:49.924-03:00  INFO 21256 --- [ProjetoFinal-API-ECommerce] [restartedMain] com.zaxxer.hikari.HikariDataSource       : HikariPool-2 - Start completed.
2024-10-22T19:42:49.942-03:00  INFO 21256 --- [ProjetoFinal-API-ECommerce] [restartedMain] o.s.b.a.h2.H2ConsoleAutoConfiguration    : H2 console available at '/h2-console'. Database available at 'jdbc:h2:mem:ecommerce_db'
2024-10-22T19:42:50.084-03:00  INFO 21256 --- [ProjetoFinal-API-ECommerce] [restartedMain] o.hibernate.jpa.internal.util.LogHelper  : HHH000204: Processing PersistenceUnitInfo [name: default]
2024-10-22T19:42:50.095-03:00  INFO 21256 --- [ProjetoFinal-API-ECommerce] [restartedMain] o.h.c.internal.RegionFactoryInitiator    : HHH000026: Second-level cache disabled
2024-10-22T19:42:50.160-03:00  INFO 21256 --- [ProjetoFinal-API-ECommerce] [restartedMain] o.s.o.j.p.SpringPersistenceUnitInfo      : No LoadTimeWeaver setup: ignoring JPA class transformer
2024-10-22T19:42:50.201-03:00  WARN 21256 --- [ProjetoFinal-API-ECommerce] [restartedMain] org.hibernate.orm.deprecation            : HHH90000025: H2Dialect does not need to be specified explicitly using 'hibernate.dialect' (remove the property setting and it will be selected by default)
2024-10-22T19:42:50.345-03:00  WARN 21256 --- [ProjetoFinal-API-ECommerce] [restartedMain] org.hibernate.mapping.RootClass          : HHH000038: Composite-id class does not override equals(): br.com.api.ecommerce.entity.ProdutoPedidoPK
2024-10-22T19:42:50.345-03:00  WARN 21256 --- [ProjetoFinal-API-ECommerce] [restartedMain] org.hibernate.mapping.RootClass          : HHH000039: Composite-id class does not override hashCode(): br.com.api.ecommerce.entity.ProdutoPedidoPK
2024-10-22T19:42:50.520-03:00  INFO 21256 --- [ProjetoFinal-API-ECommerce] [restartedMain] o.h.e.t.j.p.i.JtaPlatformInitiator       : HHH000489: No JTA platform available (set 'hibernate.transaction.jta.platform' to enable JTA platform integration)
2024-10-22T19:42:50.661-03:00  INFO 21256 --- [ProjetoFinal-API-ECommerce] [restartedMain] j.LocalContainerEntityManagerFactoryBean : Initialized JPA EntityManagerFactory for persistence unit 'default'
2024-10-22T19:42:50.889-03:00  WARN 21256 --- [ProjetoFinal-API-ECommerce] [restartedMain] JpaBaseConfiguration$JpaWebConfiguration : spring.jpa.open-in-view is enabled by default. Therefore, database queries may be performed during view rendering. Explicitly configure spring.jpa.open-in-view to disable this warning
2024-10-22T19:42:50.907-03:00  INFO 21256 --- [ProjetoFinal-API-ECommerce] [restartedMain] r$InitializeUserDetailsManagerConfigurer : Global AuthenticationManager configured with UserDetailsService bean with name inMemoryUserDetailsManager
2024-10-22T19:42:51.555-03:00  INFO 21256 --- [ProjetoFinal-API-ECommerce] [restartedMain] o.s.b.d.a.OptionalLiveReloadServer       : LiveReload server is running on port 35729
2024-10-22T19:42:51.591-03:00  INFO 21256 --- [ProjetoFinal-API-ECommerce] [restartedMain] o.s.b.w.embedded.tomcat.TomcatWebServer  : Tomcat started on port 9090 (http) with context path '/'
2024-10-22T19:42:51.607-03:00  INFO 21256 --- [ProjetoFinal-API-ECommerce] [restartedMain] .a.e.ProjetoFinalApiECommerceApplication : Started ProjetoFinalApiECommerceApplication in 4.205 seconds (process running for 94.222)
2024-10-22T19:42:51.610-03:00  INFO 21256 --- [ProjetoFinal-API-ECommerce] [restartedMain] .ConditionEvaluationDeltaLoggingListener : Condition evaluation unchanged
